{"meta": {"format": 3, "version": "7.16.0", "timestamp": "2026-09-03T05:40:44.524183", "branch_coverage": true, "show_contexts": false}, "files": {"DefFileGenerator\\__init__.py": {"executed_lines": [3], "summary": {"covered_lines": 1, "num_statements": 1, "percent_covered": 100.0, "percent_covered_display": "100", "missing_lines": 0, "excluded_lines": 0, "percent_statements_covered": 100.0, "percent_statements_covered_display": "100", "num_branches": 0, "num_partial_branches": 0, "covered_branches": 0, "missing_branches": 0, "percent_branches_covered": 100.0, "percent_branches_covered_display": "100"}, "missing_lines": [], "excluded_lines": [], "executed_branches": [], "missing_branches": [], "functions": {"": {"executed_lines": [3], "summary": {"covered_lines": 1, "num_statements": 1, "percent_covered": 100.0, "percent_covered_display": "100", "missing_lines": 0, "excluded_lines": 0, "percent_statements_covered": 100.0, "percent_statements_covered_display": "100", "num_branches": 0, "num_partial_branches": 0, "covered_branches": 0, "missing_branches": 0, "percent_branches_covered": 100.0, "percent_branches_covered_display": "100"}, "missing_lines": [], "excluded_lines": [], "start_line": 1, "executed_branches": [], "missing_branches": []}}, "classes": {"": {"executed_lines": [3], "summary": {"covered_lines": 1, "num_statements": 1, "percent_covered": 100.0, "percent_covered_display": "100", "missing_lines": 0, "excluded_lines": 0, "percent_statements_covered": 100.0, "percent_statements_covered_display": "100", "num_branches": 0, "num_partial_branches": 0, "covered_branches": 0, "missing_branches": 0, "percent_branches_covered": 100.0, "percent_branches_covered_display": "100"}, "missing_lines": [], "excluded_lines": [], "start_line": 1, "executed_branches": [], "missing_branches": []}}}, "DefFileGenerator\\def_gen.py": {"executed_lines": [9, 10, 11, 12, 13, 14, 15, 16, 17, 18, 19, 20, 21, 22, 25, 36, 38, 39, 40, 41, 42, 43, 47, 48, 49, 50, 51, 52, 53, 54, 56, 62, 63, 64, 67, 73, 91, 92, 93, 97, 98, 99, 101, 103, 104, 107, 108, 111, 112, 115, 116, 117, 118, 119, 120, 121, 122, 123, 124, 127, 130, 131, 144, 146, 147, 164, 165, 166, 167, 168, 169, 170, 171, 172, 173, 174, 175, 178, 180, 181, 182, 184, 185, 186, 187, 189, 192, 193, 194, 196, 197, 198, 199, 200, 202, 204, 205, 207, 208, 210, 211, 220, 221, 222, 224, 225, 227, 229, 230, 234, 235, 238, 239, 243, 244, 245, 247, 248, 249, 251, 252, 253, 254, 255, 256, 259, 260, 261, 264, 265, 266, 267, 268, 269, 270, 273, 275, 276, 284, 286, 287, 289, 290, 291, 293, 294, 295, 296, 299, 301, 302, 304, 306, 307, 308, 309, 310, 311, 312, 315, 317, 318, 319, 321, 322, 323, 324, 325, 326, 327, 328, 329, 330, 331, 332, 333, 335, 336, 343, 344, 345, 346, 347, 348, 349, 350, 352, 353, 354, 355, 356, 357, 363, 368, 373, 374, 378, 379, 383, 385, 387, 388, 389, 390, 398, 401, 403, 411, 412, 413, 414, 418, 419, 420, 421, 422, 424, 425, 426, 427, 428, 429, 430, 436, 437, 439, 441, 444, 445, 446, 447, 448, 449, 450, 458, 469, 470, 471, 472, 473, 475, 476, 478, 479, 480, 482, 484, 487, 488, 489, 491, 492, 494, 495, 496, 497, 501, 504, 505, 506, 507, 508, 509, 511, 512, 513, 514, 518, 520, 521, 522, 524, 525, 527, 528, 531, 532, 533, 534, 537, 538, 539, 541, 544, 545, 546, 547, 548, 549, 551, 554, 560, 566, 568, 571, 572, 578, 579, 583, 584, 589, 590, 591, 594, 597, 598, 599, 600, 601, 602, 603, 605, 607, 620, 622, 626, 627, 628, 629, 631, 632, 633, 634, 638, 639, 640, 641, 645, 646, 648, 649, 650, 653, 656, 657, 658, 662, 664, 667, 672, 673, 677, 679, 683, 684, 685, 687, 693, 694, 712, 713, 714, 716, 717, 718, 733, 734, 735, 750, 751, 752, 753, 755, 756, 757, 758, 759, 762, 763, 764, 765, 766, 767, 768, 771, 777, 778, 779, 780, 784, 785, 786, 799, 828, 830, 842, 868, 870, 871, 872, 873, 874, 875, 884, 887, 888, 889, 890, 892, 893, 895, 896, 898, 899, 902, 906, 907, 908, 909, 919, 920, 921, 922, 925, 926, 927, 928, 929, 932, 933, 935, 948, 978], "summary": {"covered_lines": 423, "num_statements": 531, "percent_covered": 77.53721244925575, "percent_covered_display": "78", "missing_lines": 108, "excluded_lines": 0, "percent_statements_covered": 79.66101694915254, "percent_statements_covered_display": "80", "num_branches": 208, "num_partial_branches": 44, "covered_branches": 150, "missing_branches": 58, "percent_branches_covered": 72.11538461538461, "percent_branches_covered_display": "72"}, "missing_lines": [37, 176, 177, 188, 190, 201, 231, 241, 250, 257, 258, 262, 263, 271, 272, 297, 313, 314, 358, 359, 360, 361, 362, 364, 365, 367, 369, 370, 372, 375, 376, 384, 391, 392, 393, 394, 395, 397, 399, 400, 423, 431, 432, 442, 452, 453, 456, 490, 493, 510, 535, 536, 550, 569, 570, 573, 577, 580, 581, 582, 585, 588, 623, 624, 642, 643, 647, 668, 669, 689, 690, 691, 769, 770, 772, 773, 775, 781, 877, 878, 879, 880, 881, 891, 900, 901, 903, 904, 930, 931, 944, 945, 949, 950, 951, 952, 953, 954, 955, 956, 957, 958, 959, 960, 962, 963, 975, 979], "excluded_lines": [], "executed_branches": [[36, 38], [164, 165], [164, 166], [167, 168], [167, 169], [170, 171], [170, 172], [172, 173], [172, 178], [174, 175], [185, 186], [185, 187], [187, 189], [189, 192], [193, 194], [193, 196], [196, 197], [196, 204], [198, 199], [198, 200], [200, 202], [204, 205], [204, 207], [220, 221], [220, 222], [230, 234], [234, 235], [234, 238], [238, 239], [247, 248], [247, 249], [249, 251], [251, 252], [251, 253], [254, 255], [254, 259], [259, 260], [259, 264], [268, 269], [268, 273], [290, 291], [290, 293], [294, 295], [294, 296], [296, 299], [301, 302], [301, 304], [309, 310], [309, 315], [311, 312], [321, 322], [321, 323], [323, 324], [323, 325], [325, 326], [325, 327], [327, 328], [327, 329], [329, 330], [329, 331], [331, 332], [331, 333], [345, 346], [345, 347], [354, 355], [354, 356], [357, 363], [363, 368], [368, 373], [383, 385], [390, 398], [411, 412], [412, 413], [412, 418], [419, 420], [419, 429], [422, 424], [426, 427], [426, 429], [429, 430], [430, 436], [441, 444], [445, 446], [445, 447], [447, 448], [447, 449], [449, 450], [475, 476], [475, 478], [487, 488], [487, 504], [489, 491], [491, 492], [492, 494], [495, 496], [504, 505], [504, 520], [506, 507], [506, 508], [508, 504], [508, 509], [509, 511], [512, 513], [521, -458], [521, 522], [548, -541], [548, 549], [549, 551], [568, 571], [572, 578], [579, 583], [584, 589], [598, 599], [598, 600], [600, 601], [600, 602], [602, 603], [602, 605], [622, 626], [641, 645], [645, 646], [645, 683], [646, 648], [648, 649], [648, 653], [656, 657], [657, 658], [657, 664], [667, 672], [672, 673], [672, 679], [683, 684], [683, 687], [734, 735], [734, 753], [757, 758], [778, 779], [785, 786], [785, 830], [871, 872], [888, 889], [888, 895], [890, 892], [898, 899], [898, 906], [899, 902], [902, 906], [907, 908], [907, 919], [978, -1]], "missing_branches": [[36, 37], [174, 178], [187, 188], [189, 190], [200, 201], [230, 231], [238, 241], [249, 250], [296, 297], [311, 315], [357, 358], [363, 364], [364, 365], [364, 367], [368, 369], [369, 370], [369, 372], [383, 384], [390, 391], [392, 393], [392, 394], [394, 395], [394, 397], [411, 419], [422, 423], [429, 437], [430, 431], [441, 442], [449, 452], [452, 453], [452, 456], [489, 490], [491, 487], [492, 493], [495, 487], [509, 510], [512, 504], [549, 550], [568, 569], [572, 573], [579, 580], [581, 582], [581, 583], [584, 585], [622, 623], [641, 642], [646, 647], [656, 667], [667, 668], [757, 772], [772, 773], [772, 775], [778, -693], [871, 877], [890, 891], [899, 900], [902, 903], [978, 979]], "functions": {"peek_generator": {"executed_lines": [36, 38, 39, 40, 41, 42, 43], "summary": {"covered_lines": 7, "num_statements": 8, "percent_covered": 80.0, "percent_covered_display": "80", "missing_lines": 1, "excluded_lines": 0, "percent_statements_covered": 87.5, "percent_statements_covered_display": "88", "num_branches": 2, "num_partial_branches": 1, "covered_branches": 1, "missing_branches": 1, "percent_branches_covered": 50.0, "percent_branches_covered_display": "50"}, "missing_lines": [37], "excluded_lines": [], "start_line": 25, "executed_branches": [[36, 38]], "missing_branches": [[36, 37]]}, "Generator.__init__": {"executed_lines": [131, 144], "summary": {"covered_lines": 2, "num_statements": 2, "percent_covered": 100.0, "percent_covered_display": "100", "missing_lines": 0, "excluded_lines": 0, "percent_statements_covered": 100.0, "percent_statements_covered_display": "100", "num_branches": 0, "num_partial_branches": 0, "covered_branches": 0, "missing_branches": 0, "percent_branches_covered": 100.0, "percent_branches_covered_display": "100"}, "missing_lines": [], "excluded_lines": [], "start_line": 130, "executed_branches": [], "missing_branches": []}, "Generator.sanitize_csv_field": {"executed_lines": [164, 165, 166, 167, 168, 169, 170, 171, 172, 173, 174, 175, 178], "summary": {"covered_lines": 13, "num_statements": 15, "percent_covered": 88.0, "percent_covered_display": "88", "missing_lines": 2, "excluded_lines": 0, "percent_statements_covered": 86.66666666666667, "percent_statements_covered_display": "87", "num_branches": 10, "num_partial_branches": 1, "covered_branches": 9, "missing_branches": 1, "percent_branches_covered": 90.0, "percent_branches_covered_display": "90"}, "missing_lines": [176, 177], "excluded_lines": [], "start_line": 147, "executed_branches": [[164, 165], [164, 166], [167, 168], [167, 169], [170, 171], [170, 172], [172, 173], [172, 178], [174, 175]], "missing_branches": [[174, 178]]}, "Generator._normalize_type_cached": {"executed_lines": [184, 185, 186, 187, 189, 192, 193, 194, 196, 197, 198, 199, 200, 202, 204, 205, 207, 208], "summary": {"covered_lines": 18, "num_statements": 21, "percent_covered": 83.78378378378379, "percent_covered_display": "84", "missing_lines": 3, "excluded_lines": 0, "percent_statements_covered": 85.71428571428571, "percent_statements_covered_display": "86", "num_branches": 16, "num_partial_branches": 3, "covered_branches": 13, "missing_branches": 3, "percent_branches_covered": 81.25, "percent_branches_covered_display": "81"}, "missing_lines": [188, 190, 201], "excluded_lines": [], "start_line": 182, "executed_branches": [[185, 186], [185, 187], [187, 189], [189, 192], [193, 194], [193, 196], [196, 197], [196, 204], [198, 199], [198, 200], [200, 202], [204, 205], [204, 207]], "missing_branches": [[187, 188], [189, 190], [200, 201]]}, "Generator.normalize_type": {"executed_lines": [220, 221, 222], "summary": {"covered_lines": 3, "num_statements": 3, "percent_covered": 100.0, "percent_covered_display": "100", "missing_lines": 0, "excluded_lines": 0, "percent_statements_covered": 100.0, "percent_statements_covered_display": "100", "num_branches": 2, "num_partial_branches": 0, "covered_branches": 2, "missing_branches": 0, "percent_branches_covered": 100.0, "percent_branches_covered_display": "100"}, "missing_lines": [], "excluded_lines": [], "start_line": 211, "executed_branches": [[220, 221], [220, 222]], "missing_branches": []}, "Generator.validate_type": {"executed_lines": [227, 229, 230, 234, 235, 238, 239], "summary": {"covered_lines": 7, "num_statements": 9, "percent_covered": 73.33333333333333, "percent_covered_display": "73", "missing_lines": 2, "excluded_lines": 0, "percent_statements_covered": 77.77777777777777, "percent_statements_covered_display": "78", "num_branches": 6, "num_partial_branches": 2, "covered_branches": 4, "missing_branches": 2, "percent_branches_covered": 66.66666666666667, "percent_branches_covered_display": "67"}, "missing_lines": [231, 241], "excluded_lines": [], "start_line": 225, "executed_branches": [[230, 234], [234, 235], [234, 238], [238, 239]], "missing_branches": [[230, 231], [238, 241]]}, "Generator._normalize_address_cached": {"executed_lines": [247, 248, 249, 251, 252, 253, 254, 255, 256, 259, 260, 261, 264, 265, 266, 267, 268, 269, 270, 273], "summary": {"covered_lines": 20, "num_statements": 27, "percent_covered": 79.48717948717949, "percent_covered_display": "79", "missing_lines": 7, "excluded_lines": 0, "percent_statements_covered": 74.07407407407408, "percent_statements_covered_display": "74", "num_branches": 12, "num_partial_branches": 1, "covered_branches": 11, "missing_branches": 1, "percent_branches_covered": 91.66666666666667, "percent_branches_covered_display": "92"}, "missing_lines": [250, 257, 258, 262, 263, 271, 272], "excluded_lines": [], "start_line": 245, "executed_branches": [[247, 248], [247, 249], [249, 251], [251, 252], [251, 253], [254, 255], [254, 259], [259, 260], [259, 264], [268, 269], [268, 273]], "missing_branches": [[249, 250]]}, "Generator.normalize_address_val": {"executed_lines": [284], "summary": {"covered_lines": 1, "num_statements": 1, "percent_covered": 100.0, "percent_covered_display": "100", "missing_lines": 0, "excluded_lines": 0, "percent_statements_covered": 100.0, "percent_statements_covered_display": "100", "num_branches": 0, "num_partial_branches": 0, "covered_branches": 0, "missing_branches": 0, "percent_branches_covered": 100.0, "percent_branches_covered_display": "100"}, "missing_lines": [], "excluded_lines": [], "start_line": 276, "executed_branches": [], "missing_branches": []}, "Generator.validate_address": {"executed_lines": [289, 290, 291, 293, 294, 295, 296, 299, 301, 302, 304, 306, 307, 308, 309, 310, 311, 312, 315], "summary": {"covered_lines": 19, "num_statements": 22, "percent_covered": 85.29411764705883, "percent_covered_display": "85", "missing_lines": 3, "excluded_lines": 0, "percent_statements_covered": 86.36363636363636, "percent_statements_covered_display": "86", "num_branches": 12, "num_partial_branches": 2, "covered_branches": 10, "missing_branches": 2, "percent_branches_covered": 83.33333333333333, "percent_branches_covered_display": "83"}, "missing_lines": [297, 313, 314], "excluded_lines": [], "start_line": 287, "executed_branches": [[290, 291], [290, 293], [294, 295], [294, 296], [296, 299], [301, 302], [301, 304], [309, 310], [309, 315], [311, 312]], "missing_branches": [[296, 297], [311, 315]]}, "Generator._register_count_for_type": {"executed_lines": [321, 322, 323, 324, 325, 326, 327, 328, 329, 330, 331, 332, 333], "summary": {"covered_lines": 13, "num_statements": 13, "percent_covered": 100.0, "percent_covered_display": "100", "missing_lines": 0, "excluded_lines": 0, "percent_statements_covered": 100.0, "percent_statements_covered_display": "100", "num_branches": 12, "num_partial_branches": 0, "covered_branches": 12, "missing_branches": 0, "percent_branches_covered": 100.0, "percent_branches_covered_display": "100"}, "missing_lines": [], "excluded_lines": [], "start_line": 319, "executed_branches": [[321, 322], [321, 323], [323, 324], [323, 325], [325, 326], [325, 327], [327, 328], [327, 329], [329, 330], [329, 331], [331, 332], [331, 333]], "missing_branches": []}, "Generator.get_register_count": {"executed_lines": [343, 344, 345, 346, 347, 348, 349, 350], "summary": {"covered_lines": 8, "num_statements": 8, "percent_covered": 100.0, "percent_covered_display": "100", "missing_lines": 0, "excluded_lines": 0, "percent_statements_covered": 100.0, "percent_statements_covered_display": "100", "num_branches": 2, "num_partial_branches": 0, "covered_branches": 2, "missing_branches": 0, "percent_branches_covered": 100.0, "percent_branches_covered_display": "100"}, "missing_lines": [], "excluded_lines": [], "start_line": 336, "executed_branches": [[345, 346], [345, 347]], "missing_branches": []}, "Generator._parse_numeric": {"executed_lines": [354, 355, 356, 357, 363, 368, 373, 374], "summary": {"covered_lines": 8, "num_statements": 21, "percent_covered": 39.39393939393939, "percent_covered_display": "39", "missing_lines": 13, "excluded_lines": 0, "percent_statements_covered": 38.095238095238095, "percent_statements_covered_display": "38", "num_branches": 12, "num_partial_branches": 3, "covered_branches": 5, "missing_branches": 7, "percent_branches_covered": 41.666666666666664, "percent_branches_covered_display": "42"}, "missing_lines": [358, 359, 360, 361, 362, 364, 365, 367, 369, 370, 372, 375, 376], "excluded_lines": [], "start_line": 353, "executed_branches": [[354, 355], [354, 356], [357, 363], [363, 368], [368, 373]], "missing_branches": [[357, 358], [363, 364], [364, 365], [364, 367], [368, 369], [369, 370], [369, 372]]}, "Generator.apply_address_offset": {"executed_lines": [383, 385, 387, 388, 389, 390, 398, 401], "summary": {"covered_lines": 8, "num_statements": 17, "percent_covered": 40.0, "percent_covered_display": "40", "missing_lines": 9, "excluded_lines": 0, "percent_statements_covered": 47.05882352941177, "percent_statements_covered_display": "47", "num_branches": 8, "num_partial_branches": 2, "covered_branches": 2, "missing_branches": 6, "percent_branches_covered": 25.0, "percent_branches_covered_display": "25"}, "missing_lines": [384, 391, 392, 393, 394, 395, 397, 399, 400], "excluded_lines": [], "start_line": 379, "executed_branches": [[383, 385], [390, 398]], "missing_branches": [[383, 384], [390, 391], [392, 393], [392, 394], [394, 395], [394, 397]]}, "Generator._process_name_and_tag": {"executed_lines": [411, 412, 413, 414, 418, 419, 420, 421, 422, 424, 425, 426, 427, 428, 429, 430, 436, 437], "summary": {"covered_lines": 18, "num_statements": 21, "percent_covered": 80.0, "percent_covered_display": "80", "missing_lines": 3, "excluded_lines": 0, "percent_statements_covered": 85.71428571428571, "percent_statements_covered_display": "86", "num_branches": 14, "num_partial_branches": 4, "covered_branches": 10, "missing_branches": 4, "percent_branches_covered": 71.42857142857143, "percent_branches_covered_display": "71"}, "missing_lines": [423, 431, 432], "excluded_lines": [], "start_line": 403, "executed_branches": [[411, 412], [412, 413], [412, 418], [419, 420], [419, 429], [422, 424], [426, 427], [426, 429], [429, 430], [430, 436]], "missing_branches": [[411, 419], [422, 423], [429, 437], [430, 431]]}, "Generator._determine_info1": {"executed_lines": [441, 444, 445, 446, 447, 448, 449, 450], "summary": {"covered_lines": 8, "num_statements": 12, "percent_covered": 63.63636363636363, "percent_covered_display": "64", "missing_lines": 4, "excluded_lines": 0, "percent_statements_covered": 66.66666666666667, "percent_statements_covered_display": "67", "num_branches": 10, "num_partial_branches": 2, "covered_branches": 6, "missing_branches": 4, "percent_branches_covered": 60.0, "percent_branches_covered_display": "60"}, "missing_lines": [442, 452, 453, 456], "excluded_lines": [], "start_line": 439, "executed_branches": [[441, 444], [445, 446], [445, 447], [447, 448], [447, 449], [449, 450]], "missing_branches": [[441, 442], [449, 452], [452, 453], [452, 456]]}, "Generator._check_address_overlap": {"executed_lines": [469, 470, 471, 472, 473, 475, 476, 478, 479, 480, 482, 484, 487, 488, 489, 491, 492, 494, 495, 496, 497, 501, 504, 505, 506, 507, 508, 509, 511, 512, 513, 514, 518, 520, 521, 522, 524, 525], "summary": {"covered_lines": 38, "num_statements": 41, "percent_covered": 86.15384615384616, "percent_covered_display": "86", "missing_lines": 3, "excluded_lines": 0, "percent_statements_covered": 92.6829268292683, "percent_statements_covered_display": "93", "num_branches": 24, "num_partial_branches": 6, "covered_branches": 18, "missing_branches": 6, "percent_branches_covered": 75.0, "percent_branches_covered_display": "75"}, "missing_lines": [490, 493, 510], "excluded_lines": [], "start_line": 458, "executed_branches": [[475, 476], [475, 478], [487, 488], [487, 504], [489, 491], [491, 492], [492, 494], [495, 496], [504, 505], [504, 520], [506, 507], [506, 508], [508, 504], [508, 509], [509, 511], [512, 513], [521, -458], [521, 522]], "missing_branches": [[489, 490], [491, 487], [492, 493], [495, 487], [509, 510], [512, 504]]}, "Generator._calculate_coefficients": {"executed_lines": [531, 532, 533, 534, 537, 538, 539], "summary": {"covered_lines": 7, "num_statements": 9, "percent_covered": 77.77777777777777, "percent_covered_display": "78", "missing_lines": 2, "excluded_lines": 0, "percent_statements_covered": 77.77777777777777, "percent_statements_covered_display": "78", "num_branches": 0, "num_partial_branches": 0, "covered_branches": 0, "missing_branches": 0, "percent_branches_covered": 100.0, "percent_branches_covered_display": "100"}, "missing_lines": [535, 536], "excluded_lines": [], "start_line": 528, "executed_branches": [], "missing_branches": []}, "Generator.process_rows": {"executed_lines": [544, 545, 546, 547, 548, 549, 551, 554, 560, 566, 568, 571, 572, 578, 579, 583, 584, 589, 590, 591, 594, 597, 598, 599, 600, 601, 602, 603, 605, 607], "summary": {"covered_lines": 30, "num_statements": 40, "percent_covered": 71.66666666666667, "percent_covered_display": "72", "missing_lines": 10, "excluded_lines": 0, "percent_statements_covered": 75.0, "percent_statements_covered_display": "75", "num_branches": 20, "num_partial_branches": 5, "covered_branches": 13, "missing_branches": 7, "percent_branches_covered": 65.0, "percent_branches_covered_display": "65"}, "missing_lines": [550, 569, 570, 573, 577, 580, 581, 582, 585, 588], "excluded_lines": [], "start_line": 541, "executed_branches": [[548, -541], [548, 549], [549, 551], [568, 571], [572, 578], [579, 583], [584, 589], [598, 599], [598, 600], [600, 601], [600, 602], [602, 603], [602, 605]], "missing_branches": [[549, 550], [568, 569], [572, 573], [579, 580], [581, 582], [581, 583], [584, 585]]}, "Generator.validate_csv": {"executed_lines": [622, 626, 627, 628, 629, 631, 632, 633, 634, 638, 639, 640, 641, 645, 646, 648, 649, 650, 653, 656, 657, 658, 662, 664, 667, 672, 673, 677, 679, 683, 684, 685, 687], "summary": {"covered_lines": 33, "num_statements": 43, "percent_covered": 76.19047619047619, "percent_covered_display": "76", "missing_lines": 10, "excluded_lines": 0, "percent_statements_covered": 76.74418604651163, "percent_statements_covered_display": "77", "num_branches": 20, "num_partial_branches": 5, "covered_branches": 15, "missing_branches": 5, "percent_branches_covered": 75.0, "percent_branches_covered_display": "75"}, "missing_lines": [623, 624, 642, 643, 647, 668, 669, 689, 690, 691], "excluded_lines": [], "start_line": 620, "executed_branches": [[622, 626], [641, 645], [645, 646], [645, 683], [646, 648], [648, 649], [648, 653], [656, 657], [657, 658], [657, 664], [667, 672], [672, 673], [672, 679], [683, 684], [683, 687]], "missing_branches": [[622, 623], [641, 642], [646, 647], [656, 667], [667, 668]]}, "Generator.write_output_csv": {"executed_lines": [712, 713, 714, 716, 755, 756, 757, 758, 759, 762, 763, 764, 765, 766, 767, 768, 771, 777, 778, 779, 780], "summary": {"covered_lines": 21, "num_statements": 27, "percent_covered": 69.6969696969697, "percent_covered_display": "70", "missing_lines": 6, "excluded_lines": 0, "percent_statements_covered": 77.77777777777777, "percent_statements_covered_display": "78", "num_branches": 6, "num_partial_branches": 2, "covered_branches": 2, "missing_branches": 4, "percent_branches_covered": 33.333333333333336, "percent_branches_covered_display": "33"}, "missing_lines": [769, 770, 772, 773, 775, 781], "excluded_lines": [], "start_line": 694, "executed_branches": [[757, 758], [778, 779]], "missing_branches": [[757, 772], [772, 773], [772, 775], [778, -693]]}, "Generator.write_output_csv._emit": {"executed_lines": [717, 718, 733, 734, 735, 750, 751, 752, 753], "summary": {"covered_lines": 9, "num_statements": 9, "percent_covered": 100.0, "percent_covered_display": "100", "missing_lines": 0, "excluded_lines": 0, "percent_statements_covered": 100.0, "percent_statements_covered_display": "100", "num_branches": 2, "num_partial_branches": 0, "covered_branches": 2, "missing_branches": 0, "percent_branches_covered": 100.0, "percent_branches_covered_display": "100"}, "missing_lines": [], "excluded_lines": [], "start_line": 716, "executed_branches": [[734, 735], [734, 753]], "missing_branches": []}, "generate_template": {"executed_lines": [785, 786, 799, 828, 830, 842, 868, 870, 871, 872, 873, 874, 875], "summary": {"covered_lines": 13, "num_statements": 18, "percent_covered": 72.72727272727273, "percent_covered_display": "73", "missing_lines": 5, "excluded_lines": 0, "percent_statements_covered": 72.22222222222223, "percent_statements_covered_display": "72", "num_branches": 4, "num_partial_branches": 1, "covered_branches": 3, "missing_branches": 1, "percent_branches_covered": 75.0, "percent_branches_covered_display": "75"}, "missing_lines": [877, 878, 879, 880, 881], "excluded_lines": [], "start_line": 784, "executed_branches": [[785, 786], [785, 830], [871, 872]], "missing_branches": [[871, 877]]}, "run_generator": {"executed_lines": [887, 888, 889, 890, 892, 893, 895, 896, 898, 899, 902, 906, 907, 908, 909, 919, 920, 921, 922, 925, 926, 927, 928, 929, 932, 933, 935], "summary": {"covered_lines": 27, "num_statements": 36, "percent_covered": 75.0, "percent_covered_display": "75", "missing_lines": 9, "excluded_lines": 0, "percent_statements_covered": 75.0, "percent_statements_covered_display": "75", "num_branches": 12, "num_partial_branches": 3, "covered_branches": 9, "missing_branches": 3, "percent_branches_covered": 75.0, "percent_branches_covered_display": "75"}, "missing_lines": [891, 900, 901, 903, 904, 930, 931, 944, 945], "excluded_lines": [], "start_line": 884, "executed_branches": [[888, 889], [888, 895], [890, 892], [898, 899], [898, 906], [899, 902], [902, 906], [907, 908], [907, 919]], "missing_branches": [[890, 891], [899, 900], [902, 903]]}, "main": {"executed_lines": [], "summary": {"covered_lines": 0, "num_statements": 15, "percent_covered": 0.0, "percent_covered_display": "0", "missing_lines": 15, "excluded_lines": 0, "percent_statements_covered": 0.0, "percent_statements_covered_display": "0", "num_branches": 0, "num_partial_branches": 0, "covered_branches": 0, "missing_branches": 0, "percent_branches_covered": 100.0, "percent_branches_covered_display": "100"}, "missing_lines": [949, 950, 951, 952, 953, 954, 955, 956, 957, 958, 959, 960, 962, 963, 975], "excluded_lines": [], "start_line": 948, "executed_branches": [], "missing_branches": []}, "": {"executed_lines": [9, 10, 11, 12, 13, 14, 15, 16, 17, 18, 19, 20, 21, 22, 25, 47, 48, 49, 50, 51, 52, 53, 54, 56, 62, 63, 64, 67, 73, 91, 92, 93, 97, 98, 99, 101, 103, 104, 107, 108, 111, 112, 115, 116, 117, 118, 119, 120, 121, 122, 123, 124, 127, 130, 146, 147, 180, 181, 182, 210, 211, 224, 225, 243, 244, 245, 275, 276, 286, 287, 317, 318, 319, 335, 336, 352, 353, 378, 379, 403, 439, 458, 527, 528, 541, 620, 693, 694, 784, 884, 948, 978], "summary": {"covered_lines": 92, "num_statements": 93, "percent_covered": 97.89473684210526, "percent_covered_display": "98", "missing_lines": 1, "excluded_lines": 0, "percent_statements_covered": 98.9247311827957, "percent_statements_covered_display": "99", "num_branches": 2, "num_partial_branches": 1, "covered_branches": 1, "missing_branches": 1, "percent_branches_covered": 50.0, "percent_branches_covered_display": "50"}, "missing_lines": [979], "excluded_lines": [], "start_line": 1, "executed_branches": [[978, -1]], "missing_branches": [[978, 979]]}}, "classes": {"GeneratorConfig": {"executed_lines": [], "summary": {"covered_lines": 0, "num_statements": 0, "percent_covered": 100.0, "percent_covered_display": "100", "missing_lines": 0, "excluded_lines": 0, "percent_statements_covered": 100.0, "percent_statements_covered_display": "100", "num_branches": 0, "num_partial_branches": 0, "covered_branches": 0, "missing_branches": 0, "percent_branches_covered": 100.0, "percent_branches_covered_display": "100"}, "missing_lines": [], "excluded_lines": [], "start_line": 112, "executed_branches": [], "missing_branches": []}, "Generator": {"executed_lines": [131, 144, 164, 165, 166, 167, 168, 169, 170, 171, 172, 173, 174, 175, 178, 184, 185, 186, 187, 189, 192, 193, 194, 196, 197, 198, 199, 200, 202, 204, 205, 207, 208, 220, 221, 222, 227, 229, 230, 234, 235, 238, 239, 247, 248, 249, 251, 252, 253, 254, 255, 256, 259, 260, 261, 264, 265, 266, 267, 268, 269, 270, 273, 284, 289, 290, 291, 293, 294, 295, 296, 299, 301, 302, 304, 306, 307, 308, 309, 310, 311, 312, 315, 321, 322, 323, 324, 325, 326, 327, 328, 329, 330, 331, 332, 333, 343, 344, 345, 346, 347, 348, 349, 350, 354, 355, 356, 357, 363, 368, 373, 374, 383, 385, 387, 388, 389, 390, 398, 401, 411, 412, 413, 414, 418, 419, 420, 421, 422, 424, 425, 426, 427, 428, 429, 430, 436, 437, 441, 444, 445, 446, 447, 448, 449, 450, 469, 470, 471, 472, 473, 475, 476, 478, 479, 480, 482, 484, 487, 488, 489, 491, 492, 494, 495, 496, 497, 501, 504, 505, 506, 507, 508, 509, 511, 512, 513, 514, 518, 520, 521, 522, 524, 525, 531, 532, 533, 534, 537, 538, 539, 544, 545, 546, 547, 548, 549, 551, 554, 560, 566, 568, 571, 572, 578, 579, 583, 584, 589, 590, 591, 594, 597, 598, 599, 600, 601, 602, 603, 605, 607, 622, 626, 627, 628, 629, 631, 632, 633, 634, 638, 639, 640, 641, 645, 646, 648, 649, 650, 653, 656, 657, 658, 662, 664, 667, 672, 673, 677, 679, 683, 684, 685, 687, 712, 713, 714, 716, 717, 718, 733, 734, 735, 750, 751, 752, 753, 755, 756, 757, 758, 759, 762, 763, 764, 765, 766, 767, 768, 771, 777, 778, 779, 780], "summary": {"covered_lines": 284, "num_statements": 361, "percent_covered": 76.50273224043715, "percent_covered_display": "77", "missing_lines": 77, "excluded_lines": 0, "percent_statements_covered": 78.67036011080333, "percent_statements_covered_display": "79", "num_branches": 188, "num_partial_branches": 38, "covered_branches": 136, "missing_branches": 52, "percent_branches_covered": 72.34042553191489, "percent_branches_covered_display": "72"}, "missing_lines": [176, 177, 188, 190, 201, 231, 241, 250, 257, 258, 262, 263, 271, 272, 297, 313, 314, 358, 359, 360, 361, 362, 364, 365, 367, 369, 370, 372, 375, 376, 384, 391, 392, 393, 394, 395, 397, 399, 400, 423, 431, 432, 442, 452, 453, 456, 490, 493, 510, 535, 536, 550, 569, 570, 573, 577, 580, 581, 582, 585, 588, 623, 624, 642, 643, 647, 668, 669, 689, 690, 691, 769, 770, 772, 773, 775, 781], "excluded_lines": [], "start_line": 127, "executed_branches": [[164, 165], [164, 166], [167, 168], [167, 169], [170, 171], [170, 172], [172, 173], [172, 178], [174, 175], [185, 186], [185, 187], [187, 189], [189, 192], [193, 194], [193, 196], [196, 197], [196, 204], [198, 199], [198, 200], [200, 202], [204, 205], [204, 207], [220, 221], [220, 222], [230, 234], [234, 235], [234, 238], [238, 239], [247, 248], [247, 249], [249, 251], [251, 252], [251, 253], [254, 255], [254, 259], [259, 260], [259, 264], [268, 269], [268, 273], [290, 291], [290, 293], [294, 295], [294, 296], [296, 299], [301, 302], [301, 304], [309, 310], [309, 315], [311, 312], [321, 322], [321, 323], [323, 324], [323, 325], [325, 326], [325, 327], [327, 328], [327, 329], [329, 330], [329, 331], [331, 332], [331, 333], [345, 346], [345, 347], [354, 355], [354, 356], [357, 363], [363, 368], [368, 373], [383, 385], [390, 398], [411, 412], [412, 413], [412, 418], [419, 420], [419, 429], [422, 424], [426, 427], [426, 429], [429, 430], [430, 436], [441, 444], [445, 446], [445, 447], [447, 448], [447, 449], [449, 450], [475, 476], [475, 478], [487, 488], [487, 504], [489, 491], [491, 492], [492, 494], [495, 496], [504, 505], [504, 520], [506, 507], [506, 508], [508, 504], [508, 509], [509, 511], [512, 513], [521, -458], [521, 522], [548, -541], [548, 549], [549, 551], [568, 571], [572, 578], [579, 583], [584, 589], [598, 599], [598, 600], [600, 601], [600, 602], [602, 603], [602, 605], [622, 626], [641, 645], [645, 646], [645, 683], [646, 648], [648, 649], [648, 653], [656, 657], [657, 658], [657, 664], [667, 672], [672, 673], [672, 679], [683, 684], [683, 687], [734, 735], [734, 753], [757, 758], [778, 779]], "missing_branches": [[174, 178], [187, 188], [189, 190], [200, 201], [230, 231], [238, 241], [249, 250], [296, 297], [311, 315], [357, 358], [363, 364], [364, 365], [364, 367], [368, 369], [369, 370], [369, 372], [383, 384], [390, 391], [392, 393], [392, 394], [394, 395], [394, 397], [411, 419], [422, 423], [429, 437], [430, 431], [441, 442], [449, 452], [452, 453], [452, 456], [489, 490], [491, 487], [492, 493], [495, 487], [509, 510], [512, 504], [549, 550], [568, 569], [572, 573], [579, 580], [581, 582], [581, 583], [584, 585], [622, 623], [641, 642], [646, 647], [656, 667], [667, 668], [757, 772], [772, 773], [772, 775], [778, -693]]}, "": {"executed_lines": [9, 10, 11, 12, 13, 14, 15, 16, 17, 18, 19, 20, 21, 22, 25, 36, 38, 39, 40, 41, 42, 43, 47, 48, 49, 50, 51, 52, 53, 54, 56, 62, 63, 64, 67, 73, 91, 92, 93, 97, 98, 99, 101, 103, 104, 107, 108, 111, 112, 115, 116, 117, 118, 119, 120, 121, 122, 123, 124, 127, 130, 146, 147, 180, 181, 182, 210, 211, 224, 225, 243, 244, 245, 275, 276, 286, 287, 317, 318, 319, 335, 336, 352, 353, 378, 379, 403, 439, 458, 527, 528, 541, 620, 693, 694, 784, 785, 786, 799, 828, 830, 842, 868, 870, 871, 872, 873, 874, 875, 884, 887, 888, 889, 890, 892, 893, 895, 896, 898, 899, 902, 906, 907, 908, 909, 919, 920, 921, 922, 925, 926, 927, 928, 929, 932, 933, 935, 948, 978], "summary": {"covered_lines": 139, "num_statements": 170, "percent_covered": 80.52631578947368, "percent_covered_display": "81", "missing_lines": 31, "excluded_lines": 0, "percent_statements_covered": 81.76470588235294, "percent_statements_covered_display": "82", "num_branches": 20, "num_partial_branches": 6, "covered_branches": 14, "missing_branches": 6, "percent_branches_covered": 70.0, "percent_branches_covered_display": "70"}, "missing_lines": [37, 877, 878, 879, 880, 881, 891, 900, 901, 903, 904, 930, 931, 944, 945, 949, 950, 951, 952, 953, 954, 955, 956, 957, 958, 959, 960, 962, 963, 975, 979], "excluded_lines": [], "start_line": 1, "executed_branches": [[36, 38], [785, 786], [785, 830], [871, 872], [888, 889], [888, 895], [890, 892], [898, 899], [898, 906], [899, 902], [902, 906], [907, 908], [907, 919], [978, -1]], "missing_branches": [[36, 37], [871, 877], [890, 891], [899, 900], [902, 903], [978, 979]]}}}, "DefFileGenerator\\extractor.py": {"executed_lines": [10, 11, 12, 13, 14, 15, 16, 17, 18, 19, 21, 22, 24, 28, 29, 30, 32, 33, 34, 35, 37, 44, 45, 46, 47, 49, 50, 55, 56, 57, 59, 64, 65, 66, 67, 75, 92, 93, 110, 125, 126, 128, 129, 130, 131, 134, 137, 141, 142, 143, 144, 145, 147, 149, 150, 151, 152, 156, 158, 160, 161, 168, 170, 171, 175, 176, 178, 180, 183, 187, 188, 189, 231, 232, 238, 240, 241, 242, 243, 244, 245, 246, 252, 253, 254, 255, 256, 257, 258, 259, 260, 261, 265, 266, 267, 268, 278, 280, 282, 283, 287, 288, 289, 290, 291, 292, 295, 307, 310, 311, 318, 320, 322, 325, 328, 329, 330, 331, 333, 334, 335, 336, 337, 338, 339, 341, 350, 352, 353, 355, 356, 357, 358, 362, 365, 366, 367, 368, 369, 370, 371, 372, 373, 374, 379, 380, 381, 382, 384, 387, 388, 389, 391, 392, 393, 394, 395, 396, 398, 399, 401, 402, 403, 405, 406, 411, 412, 413, 417, 418, 419, 420, 421, 422, 424, 425, 426, 427, 430, 482], "summary": {"covered_lines": 180, "num_statements": 313, "percent_covered": 54.96535796766744, "percent_covered_display": "55", "missing_lines": 133, "excluded_lines": 0, "percent_statements_covered": 57.50798722044728, "percent_statements_covered_display": "58", "num_branches": 120, "num_partial_branches": 16, "covered_branches": 58, "missing_branches": 62, "percent_branches_covered": 48.333333333333336, "percent_branches_covered_display": "48"}, "missing_lines": [25, 26, 38, 39, 40, 41, 42, 51, 52, 53, 60, 61, 68, 69, 70, 71, 72, 73, 77, 82, 83, 84, 85, 86, 87, 88, 89, 132, 138, 139, 153, 154, 172, 173, 184, 185, 190, 191, 192, 194, 195, 196, 197, 198, 199, 200, 201, 203, 206, 207, 209, 210, 211, 212, 213, 215, 216, 220, 221, 222, 223, 224, 227, 228, 230, 235, 236, 262, 263, 269, 270, 271, 272, 273, 274, 275, 276, 284, 285, 293, 296, 297, 298, 299, 300, 301, 302, 303, 304, 305, 306, 308, 309, 314, 315, 326, 342, 404, 415, 431, 432, 433, 434, 435, 436, 437, 438, 439, 440, 441, 442, 443, 444, 445, 446, 447, 448, 449, 450, 451, 452, 453, 454, 456, 457, 458, 459, 460, 476, 477, 478, 479, 483], "excluded_lines": [], "executed_branches": [[75, 92], [130, 131], [137, 141], [147, 149], [147, 175], [158, -149], [158, 160], [160, 161], [175, -141], [175, 176], [183, 187], [260, 261], [260, 265], [261, 260], [266, -242], [266, 267], [267, 268], [283, 287], [325, 328], [328, -322], [328, 329], [330, 331], [330, 333], [336, 337], [341, 350], [355, 356], [355, 362], [356, 357], [365, 366], [365, 384], [366, 365], [366, 367], [367, 368], [367, 369], [370, 366], [370, 371], [371, 372], [371, 373], [379, 370], [379, 380], [388, 389], [388, 391], [402, 403], [402, 406], [403, 405], [406, 411], [406, 412], [412, 413], [417, 418], [417, 420], [418, 419], [420, 421], [420, 422], [424, 328], [424, 425], [426, 424], [426, 427], [482, -1]], "missing_branches": [[75, 77], [82, 83], [82, 84], [130, 132], [137, 138], [160, 158], [183, 184], [191, 192], [191, 194], [195, 196], [195, 197], [197, 198], [197, 209], [200, 201], [200, 203], [209, -187], [209, 210], [211, 209], [211, 212], [212, 213], [212, 215], [220, -215], [220, 221], [222, 223], [222, 227], [223, 222], [223, 224], [227, 220], [227, 228], [261, 262], [267, 266], [283, 284], [297, -288], [297, 298], [299, 300], [299, 302], [300, 299], [300, 301], [302, 297], [302, 303], [304, 297], [304, 305], [325, 326], [336, 341], [341, 342], [356, 355], [403, 404], [412, 415], [418, 420], [441, 442], [441, 444], [447, 448], [447, 449], [449, 450], [449, 451], [451, 452], [451, 453], [453, 454], [453, 456], [478, -430], [478, 479], [482, 483]], "functions": {"peek_generator": {"executed_lines": [], "summary": {"covered_lines": 0, "num_statements": 8, "percent_covered": 0.0, "percent_covered_display": "0", "missing_lines": 8, "excluded_lines": 0, "percent_statements_covered": 0.0, "percent_statements_covered_display": "0", "num_branches": 2, "num_partial_branches": 0, "covered_branches": 0, "missing_branches": 2, "percent_branches_covered": 0.0, "percent_branches_covered_display": "0"}, "missing_lines": [82, 83, 84, 85, 86, 87, 88, 89], "excluded_lines": [], "start_line": 77, "executed_branches": [], "missing_branches": [[82, 83], [82, 84]]}, "Extractor.__init__": {"executed_lines": [126], "summary": {"covered_lines": 1, "num_statements": 1, "percent_covered": 100.0, "percent_covered_display": "100", "missing_lines": 0, "excluded_lines": 0, "percent_statements_covered": 100.0, "percent_statements_covered_display": "100", "num_branches": 0, "num_partial_branches": 0, "covered_branches": 0, "missing_branches": 0, "percent_branches_covered": 100.0, "percent_branches_covered_display": "100"}, "missing_lines": [], "excluded_lines": [], "start_line": 125, "executed_branches": [], "missing_branches": []}, "Extractor.normalize_type": {"executed_lines": [130, 131], "summary": {"covered_lines": 2, "num_statements": 3, "percent_covered": 60.0, "percent_covered_display": "60", "missing_lines": 1, "excluded_lines": 0, "percent_statements_covered": 66.66666666666667, "percent_statements_covered_display": "67", "num_branches": 2, "num_partial_branches": 1, "covered_branches": 1, "missing_branches": 1, "percent_branches_covered": 50.0, "percent_branches_covered_display": "50"}, "missing_lines": [132], "excluded_lines": [], "start_line": 129, "executed_branches": [[130, 131]], "missing_branches": [[130, 132]]}, "Extractor.extract_from_excel": {"executed_lines": [137, 141, 178], "summary": {"covered_lines": 3, "num_statements": 5, "percent_covered": 57.142857142857146, "percent_covered_display": "57", "missing_lines": 2, "excluded_lines": 0, "percent_statements_covered": 60.0, "percent_statements_covered_display": "60", "num_branches": 2, "num_partial_branches": 1, "covered_branches": 1, "missing_branches": 1, "percent_branches_covered": 50.0, "percent_branches_covered_display": "50"}, "missing_lines": [138, 139], "excluded_lines": [], "start_line": 134, "executed_branches": [[137, 141]], "missing_branches": [[137, 138]]}, "Extractor.extract_from_excel.excel_sheets_generator": {"executed_lines": [142, 143, 144, 145, 147, 149, 168, 170, 171, 175, 176], "summary": {"covered_lines": 11, "num_statements": 13, "percent_covered": 88.23529411764706, "percent_covered_display": "88", "missing_lines": 2, "excluded_lines": 0, "percent_statements_covered": 84.61538461538461, "percent_statements_covered_display": "85", "num_branches": 4, "num_partial_branches": 0, "covered_branches": 4, "missing_branches": 0, "percent_branches_covered": 100.0, "percent_branches_covered_display": "100"}, "missing_lines": [172, 173], "excluded_lines": [], "start_line": 141, "executed_branches": [[147, 149], [147, 175], [175, -141], [175, 176]], "missing_branches": []}, "Extractor.extract_from_excel.excel_sheets_generator.sheet_generator": {"executed_lines": [150, 151, 152, 156, 158, 160, 161], "summary": {"covered_lines": 7, "num_statements": 9, "percent_covered": 76.92307692307692, "percent_covered_display": "77", "missing_lines": 2, "excluded_lines": 0, "percent_statements_covered": 77.77777777777777, "percent_statements_covered_display": "78", "num_branches": 4, "num_partial_branches": 1, "covered_branches": 3, "missing_branches": 1, "percent_branches_covered": 75.0, "percent_branches_covered_display": "75"}, "missing_lines": [153, 154], "excluded_lines": [], "start_line": 149, "executed_branches": [[158, -149], [158, 160], [160, 161]], "missing_branches": [[160, 158]]}, "Extractor.extract_from_pdf": {"executed_lines": [183, 187, 238], "summary": {"covered_lines": 3, "num_statements": 5, "percent_covered": 57.142857142857146, "percent_covered_display": "57", "missing_lines": 2, "excluded_lines": 0, "percent_statements_covered": 60.0, "percent_statements_covered_display": "60", "num_branches": 2, "num_partial_branches": 1, "covered_branches": 1, "missing_branches": 1, "percent_branches_covered": 50.0, "percent_branches_covered_display": "50"}, "missing_lines": [184, 185], "excluded_lines": [], "start_line": 180, "executed_branches": [[183, 187]], "missing_branches": [[183, 184]]}, "Extractor.extract_from_pdf.pdf_tables_generator": {"executed_lines": [188, 189, 231, 232], "summary": {"covered_lines": 4, "num_statements": 27, "percent_covered": 9.75609756097561, "percent_covered_display": "10", "missing_lines": 23, "excluded_lines": 0, "percent_statements_covered": 14.814814814814815, "percent_statements_covered_display": "15", "num_branches": 14, "num_partial_branches": 0, "covered_branches": 0, "missing_branches": 14, "percent_branches_covered": 0.0, "percent_branches_covered_display": "0"}, "missing_lines": [190, 191, 192, 194, 195, 196, 197, 198, 199, 200, 201, 203, 206, 207, 209, 210, 211, 212, 213, 215, 230, 235, 236], "excluded_lines": [], "start_line": 187, "executed_branches": [], "missing_branches": [[191, 192], [191, 194], [195, 196], [195, 197], [197, 198], [197, 209], [200, 201], [200, 203], [209, -187], [209, 210], [211, 209], [211, 212], [212, 213], [212, 215]]}, "Extractor.extract_from_pdf.pdf_tables_generator.table_generator": {"executed_lines": [], "summary": {"covered_lines": 0, "num_statements": 8, "percent_covered": 0.0, "percent_covered_display": "0", "missing_lines": 8, "excluded_lines": 0, "percent_statements_covered": 0.0, "percent_statements_covered_display": "0", "num_branches": 8, "num_partial_branches": 0, "covered_branches": 0, "missing_branches": 8, "percent_branches_covered": 0.0, "percent_branches_covered_display": "0"}, "missing_lines": [216, 220, 221, 222, 223, 224, 227, 228], "excluded_lines": [], "start_line": 215, "executed_branches": [], "missing_branches": [[220, -215], [220, 221], [222, 223], [222, 227], [223, 222], [223, 224], [227, 220], [227, 228]]}, "Extractor.extract_from_csv": {"executed_lines": [241, 280], "summary": {"covered_lines": 2, "num_statements": 2, "percent_covered": 100.0, "percent_covered_display": "100", "missing_lines": 0, "excluded_lines": 0, "percent_statements_covered": 100.0, "percent_statements_covered_display": "100", "num_branches": 0, "num_partial_branches": 0, "covered_branches": 0, "missing_branches": 0, "percent_branches_covered": 100.0, "percent_branches_covered_display": "100"}, "missing_lines": [], "excluded_lines": [], "start_line": 240, "executed_branches": [], "missing_branches": []}, "Extractor.extract_from_csv.csv_tables_generator": {"executed_lines": [242, 278], "summary": {"covered_lines": 2, "num_statements": 2, "percent_covered": 100.0, "percent_covered_display": "100", "missing_lines": 0, "excluded_lines": 0, "percent_statements_covered": 100.0, "percent_statements_covered_display": "100", "num_branches": 0, "num_partial_branches": 0, "covered_branches": 0, "missing_branches": 0, "percent_branches_covered": 100.0, "percent_branches_covered_display": "100"}, "missing_lines": [], "excluded_lines": [], "start_line": 241, "executed_branches": [], "missing_branches": []}, "Extractor.extract_from_csv.csv_tables_generator.csv_table_generator": {"executed_lines": [243, 244, 245, 246, 252, 253, 254, 255, 256, 257, 258, 259, 260, 261, 265, 266, 267, 268], "summary": {"covered_lines": 18, "num_statements": 28, "percent_covered": 66.66666666666667, "percent_covered_display": "67", "missing_lines": 10, "excluded_lines": 0, "percent_statements_covered": 64.28571428571429, "percent_statements_covered_display": "64", "num_branches": 8, "num_partial_branches": 2, "covered_branches": 6, "missing_branches": 2, "percent_branches_covered": 75.0, "percent_branches_covered_display": "75"}, "missing_lines": [262, 263, 269, 270, 271, 272, 273, 274, 275, 276], "excluded_lines": [], "start_line": 242, "executed_branches": [[260, 261], [260, 265], [261, 260], [266, -242], [266, 267], [267, 268]], "missing_branches": [[261, 262], [267, 266]]}, "Extractor.extract_from_xml": {"executed_lines": [283, 287, 320], "summary": {"covered_lines": 3, "num_statements": 5, "percent_covered": 57.142857142857146, "percent_covered_display": "57", "missing_lines": 2, "excluded_lines": 0, "percent_statements_covered": 60.0, "percent_statements_covered_display": "60", "num_branches": 2, "num_partial_branches": 1, "covered_branches": 1, "missing_branches": 1, "percent_branches_covered": 50.0, "percent_branches_covered_display": "50"}, "missing_lines": [284, 285], "excluded_lines": [], "start_line": 282, "executed_branches": [[283, 287]], "missing_branches": [[283, 284]]}, "Extractor.extract_from_xml.xml_tables_generator": {"executed_lines": [288, 318], "summary": {"covered_lines": 2, "num_statements": 2, "percent_covered": 100.0, "percent_covered_display": "100", "missing_lines": 0, "excluded_lines": 0, "percent_statements_covered": 100.0, "percent_statements_covered_display": "100", "num_branches": 0, "num_partial_branches": 0, "covered_branches": 0, "missing_branches": 0, "percent_branches_covered": 100.0, "percent_branches_covered_display": "100"}, "missing_lines": [], "excluded_lines": [], "start_line": 287, "executed_branches": [], "missing_branches": []}, "Extractor.extract_from_xml.xml_tables_generator.xml_generator": {"executed_lines": [289, 290, 291, 292, 295, 307, 310, 311], "summary": {"covered_lines": 8, "num_statements": 24, "percent_covered": 23.529411764705884, "percent_covered_display": "24", "missing_lines": 16, "excluded_lines": 0, "percent_statements_covered": 33.333333333333336, "percent_statements_covered_display": "33", "num_branches": 10, "num_partial_branches": 0, "covered_branches": 0, "missing_branches": 10, "percent_branches_covered": 0.0, "percent_branches_covered_display": "0"}, "missing_lines": [293, 296, 297, 298, 299, 300, 301, 302, 303, 304, 305, 306, 308, 309, 314, 315], "excluded_lines": [], "start_line": 288, "executed_branches": [], "missing_branches": [[297, -288], [297, 298], [299, 300], [299, 302], [300, 299], [300, 301], [302, 297], [302, 303], [304, 297], [304, 305]]}, "Extractor.map_and_clean": {"executed_lines": [325, 328, 329, 330, 331, 333, 334, 335, 336, 337, 338, 339, 341, 350, 352, 353, 355, 356, 357, 358, 362, 365, 366, 367, 368, 369, 370, 371, 372, 373, 374, 379, 380, 381, 382, 384, 424, 425, 426, 427], "summary": {"covered_lines": 40, "num_statements": 42, "percent_covered": 91.66666666666667, "percent_covered_display": "92", "missing_lines": 2, "excluded_lines": 0, "percent_statements_covered": 95.23809523809524, "percent_statements_covered_display": "95", "num_branches": 30, "num_partial_branches": 4, "covered_branches": 26, "missing_branches": 4, "percent_branches_covered": 86.66666666666667, "percent_branches_covered_display": "87"}, "missing_lines": [326, 342], "excluded_lines": [], "start_line": 322, "executed_branches": [[325, 328], [328, -322], [328, 329], [330, 331], [330, 333], [336, 337], [341, 350], [355, 356], [355, 362], [356, 357], [365, 366], [365, 384], [366, 365], [366, 367], [367, 368], [367, 369], [370, 366], [370, 371], [371, 372], [371, 373], [379, 370], [379, 380], [424, 328], [424, 425], [426, 424], [426, 427]], "missing_branches": [[325, 326], [336, 341], [341, 342], [356, 355]]}, "Extractor.map_and_clean.process_row": {"executed_lines": [387, 388, 389, 391, 392, 393, 394, 395, 396, 398, 399, 401, 402, 403, 405, 406, 411, 412, 413, 417, 418, 419, 420, 421, 422], "summary": {"covered_lines": 25, "num_statements": 27, "percent_covered": 88.37209302325581, "percent_covered_display": "88", "missing_lines": 2, "excluded_lines": 0, "percent_statements_covered": 92.5925925925926, "percent_statements_covered_display": "93", "num_branches": 16, "num_partial_branches": 3, "covered_branches": 13, "missing_branches": 3, "percent_branches_covered": 81.25, "percent_branches_covered_display": "81"}, "missing_lines": [404, 415], "excluded_lines": [], "start_line": 384, "executed_branches": [[388, 389], [388, 391], [402, 403], [402, 406], [403, 405], [406, 411], [406, 412], [412, 413], [417, 418], [417, 420], [418, 419], [420, 421], [420, 422]], "missing_branches": [[403, 404], [412, 415], [418, 420]]}, "main": {"executed_lines": [], "summary": {"covered_lines": 0, "num_statements": 33, "percent_covered": 0.0, "percent_covered_display": "0", "missing_lines": 33, "excluded_lines": 0, "percent_statements_covered": 0.0, "percent_statements_covered_display": "0", "num_branches": 12, "num_partial_branches": 0, "covered_branches": 0, "missing_branches": 12, "percent_branches_covered": 0.0, "percent_branches_covered_display": "0"}, "missing_lines": [431, 432, 433, 434, 435, 436, 437, 438, 439, 440, 441, 442, 443, 444, 445, 446, 447, 448, 449, 450, 451, 452, 453, 454, 456, 457, 458, 459, 460, 476, 477, 478, 479], "excluded_lines": [], "start_line": 430, "executed_branches": [], "missing_branches": [[441, 442], [441, 444], [447, 448], [447, 449], [449, 450], [449, 451], [451, 452], [451, 453], [453, 454], [453, 456], [478, -430], [478, 479]]}, "": {"executed_lines": [10, 11, 12, 13, 14, 15, 16, 17, 18, 19, 21, 22, 24, 28, 29, 30, 32, 33, 34, 35, 37, 44, 45, 46, 47, 49, 50, 55, 56, 57, 59, 64, 65, 66, 67, 75, 92, 93, 110, 125, 128, 129, 134, 180, 240, 282, 322, 430, 482], "summary": {"covered_lines": 49, "num_statements": 69, "percent_covered": 69.86301369863014, "percent_covered_display": "70", "missing_lines": 20, "excluded_lines": 0, "percent_statements_covered": 71.01449275362319, "percent_statements_covered_display": "71", "num_branches": 4, "num_partial_branches": 2, "covered_branches": 2, "missing_branches": 2, "percent_branches_covered": 50.0, "percent_branches_covered_display": "50"}, "missing_lines": [25, 26, 38, 39, 40, 41, 42, 51, 52, 53, 60, 61, 68, 69, 70, 71, 72, 73, 77, 483], "excluded_lines": [], "start_line": 1, "executed_branches": [[75, 92], [482, -1]], "missing_branches": [[75, 77], [482, 483]]}}, "classes": {"Extractor": {"executed_lines": [126, 130, 131, 137, 141, 142, 143, 144, 145, 147, 149, 150, 151, 152, 156, 158, 160, 161, 168, 170, 171, 175, 176, 178, 183, 187, 188, 189, 231, 232, 238, 241, 242, 243, 244, 245, 246, 252, 253, 254, 255, 256, 257, 258, 259, 260, 261, 265, 266, 267, 268, 278, 280, 283, 287, 288, 289, 290, 291, 292, 295, 307, 310, 311, 318, 320, 325, 328, 329, 330, 331, 333, 334, 335, 336, 337, 338, 339, 341, 350, 352, 353, 355, 356, 357, 358, 362, 365, 366, 367, 368, 369, 370, 371, 372, 373, 374, 379, 380, 381, 382, 384, 387, 388, 389, 391, 392, 393, 394, 395, 396, 398, 399, 401, 402, 403, 405, 406, 411, 412, 413, 417, 418, 419, 420, 421, 422, 424, 425, 426, 427], "summary": {"covered_lines": 131, "num_statements": 203, "percent_covered": 61.31147540983606, "percent_covered_display": "61", "missing_lines": 72, "excluded_lines": 0, "percent_statements_covered": 64.5320197044335, "percent_statements_covered_display": "65", "num_branches": 102, "num_partial_branches": 14, "covered_branches": 56, "missing_branches": 46, "percent_branches_covered": 54.90196078431372, "percent_branches_covered_display": "55"}, "missing_lines": [132, 138, 139, 153, 154, 172, 173, 184, 185, 190, 191, 192, 194, 195, 196, 197, 198, 199, 200, 201, 203, 206, 207, 209, 210, 211, 212, 213, 215, 216, 220, 221, 222, 223, 224, 227, 228, 230, 235, 236, 262, 263, 269, 270, 271, 272, 273, 274, 275, 276, 284, 285, 293, 296, 297, 298, 299, 300, 301, 302, 303, 304, 305, 306, 308, 309, 314, 315, 326, 342, 404, 415], "excluded_lines": [], "start_line": 92, "executed_branches": [[130, 131], [137, 141], [147, 149], [147, 175], [158, -149], [158, 160], [160, 161], [175, -141], [175, 176], [183, 187], [260, 261], [260, 265], [261, 260], [266, -242], [266, 267], [267, 268], [283, 287], [325, 328], [328, -322], [328, 329], [330, 331], [330, 333], [336, 337], [341, 350], [355, 356], [355, 362], [356, 357], [365, 366], [365, 384], [366, 365], [366, 367], [367, 368], [367, 369], [370, 366], [370, 371], [371, 372], [371, 373], [379, 370], [379, 380], [388, 389], [388, 391], [402, 403], [402, 406], [403, 405], [406, 411], [406, 412], [412, 413], [417, 418], [417, 420], [418, 419], [420, 421], [420, 422], [424, 328], [424, 425], [426, 424], [426, 427]], "missing_branches": [[130, 132], [137, 138], [160, 158], [183, 184], [191, 192], [191, 194], [195, 196], [195, 197], [197, 198], [197, 209], [200, 201], [200, 203], [209, -187], [209, 210], [211, 209], [211, 212], [212, 213], [212, 215], [220, -215], [220, 221], [222, 223], [222, 227], [223, 222], [223, 224], [227, 220], [227, 228], [261, 262], [267, 266], [283, 284], [297, -288], [297, 298], [299, 300], [299, 302], [300, 299], [300, 301], [302, 297], [302, 303], [304, 297], [304, 305], [325, 326], [336, 341], [341, 342], [356, 355], [403, 404], [412, 415], [418, 420]]}, "": {"executed_lines": [10, 11, 12, 13, 14, 15, 16, 17, 18, 19, 21, 22, 24, 28, 29, 30, 32, 33, 34, 35, 37, 44, 45, 46, 47, 49, 50, 55, 56, 57, 59, 64, 65, 66, 67, 75, 92, 93, 110, 125, 128, 129, 134, 180, 240, 282, 322, 430, 482], "summary": {"covered_lines": 49, "num_statements": 110, "percent_covered": 39.84375, "percent_covered_display": "40", "missing_lines": 61, "excluded_lines": 0, "percent_statements_covered": 44.54545454545455, "percent_statements_covered_display": "45", "num_branches": 18, "num_partial_branches": 2, "covered_branches": 2, "missing_branches": 16, "percent_branches_covered": 11.11111111111111, "percent_branches_covered_display": "11"}, "missing_lines": [25, 26, 38, 39, 40, 41, 42, 51, 52, 53, 60, 61, 68, 69, 70, 71, 72, 73, 77, 82, 83, 84, 85, 86, 87, 88, 89, 431, 432, 433, 434, 435, 436, 437, 438, 439, 440, 441, 442, 443, 444, 445, 446, 447, 448, 449, 450, 451, 452, 453, 454, 456, 457, 458, 459, 460, 476, 477, 478, 479, 483], "excluded_lines": [], "start_line": 1, "executed_branches": [[75, 92], [482, -1]], "missing_branches": [[75, 77], [82, 83], [82, 84], [441, 442], [441, 444], [447, 448], [447, 449], [449, 450], [449, 451], [451, 452], [451, 453], [453, 454], [453, 456], [478, -430], [478, 479], [482, 483]]}}}, "DefFileGenerator\\main.py": {"executed_lines": [9, 10, 11, 12, 13, 14, 15, 18, 20, 21, 23, 24, 29, 30, 33, 35, 37, 40, 41, 44, 46, 47, 55, 56, 57, 60, 64, 65, 66, 67, 68, 69, 74, 75, 76, 77, 78, 80, 82, 91, 92, 102, 103, 110, 111, 112, 120, 123, 124, 125, 126, 130, 131, 144, 145, 147, 149, 150, 151, 152, 154, 155, 156, 159, 161, 164, 165, 166, 167, 169, 174, 177, 178, 179, 181, 193, 196, 197, 198, 199, 200, 201, 202, 205, 207, 208, 209, 213, 214, 215, 216, 222, 234, 236, 239, 244, 246, 247, 256, 257, 258, 269, 287, 288, 291, 296, 297, 298, 302, 307, 313, 316, 323, 331, 334, 337, 340, 343, 346, 353, 358, 364, 370, 375, 378, 381, 386, 392, 398, 404, 407, 414, 419, 425, 431, 436, 439, 445, 450, 456, 459, 462, 465, 471, 477, 480, 487, 490, 494, 496, 500, 503, 504, 505, 506, 507, 508, 512, 513, 521, 528, 534, 537, 539, 540, 543, 544, 545, 546, 547, 548, 549, 550, 553, 554, 555, 556, 558, 559, 565], "summary": {"covered_lines": 180, "num_statements": 240, "percent_covered": 70.80745341614907, "percent_covered_display": "71", "missing_lines": 60, "excluded_lines": 2, "percent_statements_covered": 75.0, "percent_statements_covered_display": "75", "num_branches": 82, "num_partial_branches": 28, "covered_branches": 48, "missing_branches": 34, "percent_branches_covered": 58.53658536585366, "percent_branches_covered_display": "59"}, "missing_lines": [36, 38, 48, 52, 58, 59, 61, 62, 70, 71, 72, 81, 83, 84, 85, 86, 87, 88, 89, 90, 93, 94, 96, 100, 104, 108, 113, 118, 127, 128, 162, 163, 203, 204, 210, 211, 218, 219, 220, 237, 245, 249, 261, 267, 497, 498, 509, 522, 527, 529, 533, 535, 536, 541, 542, 557, 560, 561, 562, 566], "excluded_lines": [25, 26], "executed_branches": [[35, 37], [37, 40], [47, -44], [57, 60], [60, 64], [66, 67], [66, 74], [80, 82], [82, 91], [91, 92], [103, 110], [112, 120], [126, 130], [144, 145], [144, 147], [154, -123], [154, 155], [161, 164], [166, 167], [166, 169], [199, 200], [202, 205], [209, 213], [216, 222], [236, 239], [244, 246], [246, 247], [257, 258], [496, 500], [504, 505], [504, 512], [506, 507], [506, 508], [508, 512], [512, 513], [512, 539], [521, 528], [528, 534], [534, 537], [539, 540], [539, 545], [540, 543], [545, 546], [545, 547], [547, 548], [547, 549], [549, 550], [565, -1]], "missing_branches": [[35, 36], [37, 38], [47, 48], [57, 58], [60, 61], [80, 81], [82, 83], [84, 85], [84, 90], [91, 93], [93, 94], [93, 96], [103, 104], [112, 113], [126, 127], [161, 162], [199, 207], [202, 203], [209, 210], [216, 218], [236, 237], [244, 245], [246, 249], [257, 261], [261, 267], [261, 269], [496, 497], [508, 509], [521, 522], [528, 529], [534, 535], [540, 541], [549, -256], [565, 566]], "functions": {"setup_logging": {"executed_lines": [35, 37, 40, 41], "summary": {"covered_lines": 4, "num_statements": 6, "percent_covered": 60.0, "percent_covered_display": "60", "missing_lines": 2, "excluded_lines": 0, "percent_statements_covered": 66.66666666666667, "percent_statements_covered_display": "67", "num_branches": 4, "num_partial_branches": 2, "covered_branches": 2, "missing_branches": 2, "percent_branches_covered": 50.0, "percent_branches_covered_display": "50"}, "missing_lines": [36, 38], "excluded_lines": [], "start_line": 33, "executed_branches": [[35, 37], [37, 40]], "missing_branches": [[35, 36], [37, 38]]}, "_guard_output": {"executed_lines": [46, 47], "summary": {"covered_lines": 2, "num_statements": 4, "percent_covered": 50.0, "percent_covered_display": "50", "missing_lines": 2, "excluded_lines": 0, "percent_statements_covered": 50.0, "percent_statements_covered_display": "50", "num_branches": 2, "num_partial_branches": 1, "covered_branches": 1, "missing_branches": 1, "percent_branches_covered": 50.0, "percent_branches_covered_display": "50"}, "missing_lines": [48, 52], "excluded_lines": [], "start_line": 44, "executed_branches": [[47, -44]], "missing_branches": [[47, 48]]}, "_perform_extraction": {"executed_lines": [56, 57, 60, 64, 65, 66, 67, 68, 69, 74, 75, 76, 77, 78, 80, 82, 91, 92, 102, 103, 110, 111, 112, 120], "summary": {"covered_lines": 24, "num_statements": 48, "percent_covered": 48.529411764705884, "percent_covered_display": "49", "missing_lines": 24, "excluded_lines": 0, "percent_statements_covered": 50.0, "percent_statements_covered_display": "50", "num_branches": 20, "num_partial_branches": 7, "covered_branches": 9, "missing_branches": 11, "percent_branches_covered": 45.0, "percent_branches_covered_display": "45"}, "missing_lines": [58, 59, 61, 62, 70, 71, 72, 81, 83, 84, 85, 86, 87, 88, 89, 90, 93, 94, 96, 100, 104, 108, 113, 118], "excluded_lines": [], "start_line": 55, "executed_branches": [[57, 60], [60, 64], [66, 67], [66, 74], [80, 82], [82, 91], [91, 92], [103, 110], [112, 120]], "missing_branches": [[57, 58], [60, 61], [80, 81], [82, 83], [84, 85], [84, 90], [91, 93], [93, 94], [93, 96], [103, 104], [112, 113]]}, "extract_command": {"executed_lines": [124, 125, 126, 130, 131, 144, 145, 147, 149, 150, 151, 152, 154, 155, 156], "summary": {"covered_lines": 15, "num_statements": 17, "percent_covered": 86.95652173913044, "percent_covered_display": "87", "missing_lines": 2, "excluded_lines": 0, "percent_statements_covered": 88.23529411764706, "percent_statements_covered_display": "88", "num_branches": 6, "num_partial_branches": 1, "covered_branches": 5, "missing_branches": 1, "percent_branches_covered": 83.33333333333333, "percent_branches_covered_display": "83"}, "missing_lines": [127, 128], "excluded_lines": [], "start_line": 123, "executed_branches": [[126, 130], [144, 145], [144, 147], [154, -123], [154, 155]], "missing_branches": [[126, 127]]}, "validate_command": {"executed_lines": [161, 164, 165, 166, 167, 169, 174], "summary": {"covered_lines": 7, "num_statements": 9, "percent_covered": 76.92307692307692, "percent_covered_display": "77", "missing_lines": 2, "excluded_lines": 0, "percent_statements_covered": 77.77777777777777, "percent_statements_covered_display": "78", "num_branches": 4, "num_partial_branches": 1, "covered_branches": 3, "missing_branches": 1, "percent_branches_covered": 75.0, "percent_branches_covered_display": "75"}, "missing_lines": [162, 163], "excluded_lines": [], "start_line": 159, "executed_branches": [[161, 164], [166, 167], [166, 169]], "missing_branches": [[161, 162]]}, "generate_command": {"executed_lines": [178, 179, 181, 193], "summary": {"covered_lines": 4, "num_statements": 4, "percent_covered": 100.0, "percent_covered_display": "100", "missing_lines": 0, "excluded_lines": 0, "percent_statements_covered": 100.0, "percent_statements_covered_display": "100", "num_branches": 0, "num_partial_branches": 0, "covered_branches": 0, "missing_branches": 0, "percent_branches_covered": 100.0, "percent_branches_covered_display": "100"}, "missing_lines": [], "excluded_lines": [], "start_line": 177, "executed_branches": [], "missing_branches": []}, "run_command": {"executed_lines": [197, 198, 199, 200, 201, 202, 205, 207, 208, 209, 213, 214, 215, 216, 222, 234, 236, 239, 244, 246, 247], "summary": {"covered_lines": 21, "num_statements": 31, "percent_covered": 62.22222222222222, "percent_covered_display": "62", "missing_lines": 10, "excluded_lines": 0, "percent_statements_covered": 67.74193548387096, "percent_statements_covered_display": "68", "num_branches": 14, "num_partial_branches": 7, "covered_branches": 7, "missing_branches": 7, "percent_branches_covered": 50.0, "percent_branches_covered_display": "50"}, "missing_lines": [203, 204, 210, 211, 218, 219, 220, 237, 245, 249], "excluded_lines": [], "start_line": 196, "executed_branches": [[199, 200], [202, 205], [209, 213], [216, 222], [236, 239], [244, 246], [246, 247]], "missing_branches": [[199, 207], [202, 203], [209, 210], [216, 218], [236, 237], [244, 245], [246, 249]]}, "_run_cli": {"executed_lines": [257, 258, 269, 287, 288, 291, 296, 297, 298, 302, 307, 313, 316, 323, 331, 334, 337, 340, 343, 346, 353, 358, 364, 370, 375, 378, 381, 386, 392, 398, 404, 407, 414, 419, 425, 431, 436, 439, 445, 450, 456, 459, 462, 465, 471, 477, 480, 487, 490, 494, 496, 500, 503, 504, 505, 506, 507, 508, 512, 513, 521, 528, 534, 537, 539, 540, 543, 544, 545, 546, 547, 548, 549, 550], "summary": {"covered_lines": 74, "num_statements": 87, "percent_covered": 80.34188034188034, "percent_covered_display": "80", "missing_lines": 13, "excluded_lines": 0, "percent_statements_covered": 85.05747126436782, "percent_statements_covered_display": "85", "num_branches": 30, "num_partial_branches": 8, "covered_branches": 20, "missing_branches": 10, "percent_branches_covered": 66.66666666666667, "percent_branches_covered_display": "67"}, "missing_lines": [261, 267, 497, 498, 509, 522, 527, 529, 533, 535, 536, 541, 542], "excluded_lines": [], "start_line": 256, "executed_branches": [[257, 258], [496, 500], [504, 505], [504, 512], [506, 507], [506, 508], [508, 512], [512, 513], [512, 539], [521, 528], [528, 534], [534, 537], [539, 540], [539, 545], [540, 543], [545, 546], [545, 547], [547, 548], [547, 549], [549, 550]], "missing_branches": [[257, 261], [261, 267], [261, 269], [496, 497], [508, 509], [521, 522], [528, 529], [534, 535], [540, 541], [549, -256]]}, "main": {"executed_lines": [554, 555, 556, 558, 559], "summary": {"covered_lines": 5, "num_statements": 9, "percent_covered": 55.55555555555556, "percent_covered_display": "56", "missing_lines": 4, "excluded_lines": 0, "percent_statements_covered": 55.55555555555556, "percent_statements_covered_display": "56", "num_branches": 0, "num_partial_branches": 0, "covered_branches": 0, "missing_branches": 0, "percent_branches_covered": 100.0, "percent_branches_covered_display": "100"}, "missing_lines": [557, 560, 561, 562], "excluded_lines": [], "start_line": 553, "executed_branches": [], "missing_branches": []}, "": {"executed_lines": [9, 10, 11, 12, 13, 14, 15, 18, 20, 21, 23, 24, 29, 30, 33, 44, 55, 123, 159, 177, 196, 256, 553, 565], "summary": {"covered_lines": 24, "num_statements": 25, "percent_covered": 92.5925925925926, "percent_covered_display": "93", "missing_lines": 1, "excluded_lines": 2, "percent_statements_covered": 96.0, "percent_statements_covered_display": "96", "num_branches": 2, "num_partial_branches": 1, "covered_branches": 1, "missing_branches": 1, "percent_branches_covered": 50.0, "percent_branches_covered_display": "50"}, "missing_lines": [566], "excluded_lines": [25, 26], "start_line": 1, "executed_branches": [[565, -1]], "missing_branches": [[565, 566]]}}, "classes": {"": {"executed_lines": [9, 10, 11, 12, 13, 14, 15, 18, 20, 21, 23, 24, 29, 30, 33, 35, 37, 40, 41, 44, 46, 47, 55, 56, 57, 60, 64, 65, 66, 67, 68, 69, 74, 75, 76, 77, 78, 80, 82, 91, 92, 102, 103, 110, 111, 112, 120, 123, 124, 125, 126, 130, 131, 144, 145, 147, 149, 150, 151, 152, 154, 155, 156, 159, 161, 164, 165, 166, 167, 169, 174, 177, 178, 179, 181, 193, 196, 197, 198, 199, 200, 201, 202, 205, 207, 208, 209, 213, 214, 215, 216, 222, 234, 236, 239, 244, 246, 247, 256, 257, 258, 269, 287, 288, 291, 296, 297, 298, 302, 307, 313, 316, 323, 331, 334, 337, 340, 343, 346, 353, 358, 364, 370, 375, 378, 381, 386, 392, 398, 404, 407, 414, 419, 425, 431, 436, 439, 445, 450, 456, 459, 462, 465, 471, 477, 480, 487, 490, 494, 496, 500, 503, 504, 505, 506, 507, 508, 512, 513, 521, 528, 534, 537, 539, 540, 543, 544, 545, 546, 547, 548, 549, 550, 553, 554, 555, 556, 558, 559, 565], "summary": {"covered_lines": 180, "num_statements": 240, "percent_covered": 70.80745341614907, "percent_covered_display": "71", "missing_lines": 60, "excluded_lines": 2, "percent_statements_covered": 75.0, "percent_statements_covered_display": "75", "num_branches": 82, "num_partial_branches": 28, "covered_branches": 48, "missing_branches": 34, "percent_branches_covered": 58.53658536585366, "percent_branches_covered_display": "59"}, "missing_lines": [36, 38, 48, 52, 58, 59, 61, 62, 70, 71, 72, 81, 83, 84, 85, 86, 87, 88, 89, 90, 93, 94, 96, 100, 104, 108, 113, 118, 127, 128, 162, 163, 203, 204, 210, 211, 218, 219, 220, 237, 245, 249, 261, 267, 497, 498, 509, 522, 527, 529, 533, 535, 536, 541, 542, 557, 560, 561, 562, 566], "excluded_lines": [25, 26], "start_line": 1, "executed_branches": [[35, 37], [37, 40], [47, -44], [57, 60], [60, 64], [66, 67], [66, 74], [80, 82], [82, 91], [91, 92], [103, 110], [112, 120], [126, 130], [144, 145], [144, 147], [154, -123], [154, 155], [161, 164], [166, 167], [166, 169], [199, 200], [202, 205], [209, 213], [216, 222], [236, 239], [244, 246], [246, 247], [257, 258], [496, 500], [504, 505], [504, 512], [506, 507], [506, 508], [508, 512], [512, 513], [512, 539], [521, 528], [528, 534], [534, 537], [539, 540], [539, 545], [540, 543], [545, 546], [545, 547], [547, 548], [547, 549], [549, 550], [565, -1]], "missing_branches": [[35, 36], [37, 38], [47, 48], [57, 58], [60, 61], [80, 81], [82, 83], [84, 85], [84, 90], [91, 93], [93, 94], [93, 96], [103, 104], [112, 113], [126, 127], [161, 162], [199, 207], [202, 203], [209, 210], [216, 218], [236, 237], [244, 245], [246, 249], [257, 261], [261, 267], [261, 269], [496, 497], [508, 509], [521, 522], [528, 529], [534, 535], [540, 541], [549, -256], [565, 566]]}}}, "DefFileGenerator\\tests\\__init__.py": {"executed_lines": [], "summary": {"covered_lines": 0, "num_statements": 0, "percent_covered": 100.0, "percent_covered_display": "100", "missing_lines": 0, "excluded_lines": 0, "percent_statements_covered": 100.0, "percent_statements_covered_display": "100", "num_branches": 0, "num_partial_branches": 0, "covered_branches": 0, "missing_branches": 0, "percent_branches_covered": 100.0, "percent_branches_covered_display": "100"}, "missing_lines": [], "excluded_lines": [], "executed_branches": [], "missing_branches": [], "functions": {"": {"executed_lines": [], "summary": {"covered_lines": 0, "num_statements": 0, "percent_covered": 100.0, "percent_covered_display": "100", "missing_lines": 0, "excluded_lines": 0, "percent_statements_covered": 100.0, "percent_statements_covered_display": "100", "num_branches": 0, "num_partial_branches": 0, "covered_branches": 0, "missing_branches": 0, "percent_branches_covered": 100.0, "percent_branches_covered_display": "100"}, "missing_lines": [], "excluded_lines": [], "start_line": 1, "executed_branches": [], "missing_branches": []}}, "classes": {"": {"executed_lines": [], "summary": {"covered_lines": 0, "num_statements": 0, "percent_covered": 100.0, "percent_covered_display": "100", "missing_lines": 0, "excluded_lines": 0, "percent_statements_covered": 100.0, "percent_statements_covered_display": "100", "num_branches": 0, "num_partial_branches": 0, "covered_branches": 0, "missing_branches": 0, "percent_branches_covered": 100.0, "percent_branches_covered_display": "100"}, "missing_lines": [], "excluded_lines": [], "start_line": 1, "executed_branches": [], "missing_branches": []}}}, "DefFileGenerator\\tests\\run_gigantic_battery.py": {"executed_lines": [], "summary": {"covered_lines": 0, "num_statements": 54, "percent_covered": 0.0, "percent_covered_display": "0", "missing_lines": 54, "excluded_lines": 0, "percent_statements_covered": 0.0, "percent_statements_covered_display": "0", "num_branches": 14, "num_partial_branches": 0, "covered_branches": 0, "missing_branches": 14, "percent_branches_covered": 0.0, "percent_branches_covered_display": "0"}, "missing_lines": [1, 2, 3, 5, 6, 9, 10, 11, 14, 15, 22, 23, 26, 27, 28, 29, 30, 33, 36, 37, 38, 39, 40, 41, 44, 45, 46, 47, 48, 49, 52, 53, 54, 55, 56, 57, 60, 61, 63, 64, 65, 68, 69, 83, 84, 85, 86, 87, 89, 92, 93, 94, 95, 96], "excluded_lines": [], "executed_branches": [], "missing_branches": [[36, 37], [36, 44], [44, 45], [44, 52], [52, 53], [52, 60], [84, 85], [84, 87], [85, 84], [85, 86], [92, -1], [92, 93], [95, -1], [95, 96]], "functions": {"run_gigantic_battery": {"executed_lines": [], "summary": {"covered_lines": 0, "num_statements": 43, "percent_covered": 0.0, "percent_covered_display": "0", "missing_lines": 43, "excluded_lines": 0, "percent_statements_covered": 0.0, "percent_statements_covered_display": "0", "num_branches": 10, "num_partial_branches": 0, "covered_branches": 0, "missing_branches": 10, "percent_branches_covered": 0.0, "percent_branches_covered_display": "0"}, "missing_lines": [10, 11, 14, 15, 22, 23, 26, 27, 28, 29, 30, 33, 36, 37, 38, 39, 40, 41, 44, 45, 46, 47, 48, 49, 52, 53, 54, 55, 56, 57, 60, 61, 63, 64, 65, 68, 69, 83, 84, 85, 86, 87, 89], "excluded_lines": [], "start_line": 9, "executed_branches": [], "missing_branches": [[36, 37], [36, 44], [44, 45], [44, 52], [52, 53], [52, 60], [84, 85], [84, 87], [85, 84], [85, 86]]}, "": {"executed_lines": [], "summary": {"covered_lines": 0, "num_statements": 11, "percent_covered": 0.0, "percent_covered_display": "0", "missing_lines": 11, "excluded_lines": 0, "percent_statements_covered": 0.0, "percent_statements_covered_display": "0", "num_branches": 4, "num_partial_branches": 0, "covered_branches": 0, "missing_branches": 4, "percent_branches_covered": 0.0, "percent_branches_covered_display": "0"}, "missing_lines": [1, 2, 3, 5, 6, 9, 92, 93, 94, 95, 96], "excluded_lines": [], "start_line": 1, "executed_branches": [], "missing_branches": [[92, -1], [92, 93], [95, -1], [95, 96]]}}, "classes": {"": {"executed_lines": [], "summary": {"covered_lines": 0, "num_statements": 54, "percent_covered": 0.0, "percent_covered_display": "0", "missing_lines": 54, "excluded_lines": 0, "percent_statements_covered": 0.0, "percent_statements_covered_display": "0", "num_branches": 14, "num_partial_branches": 0, "covered_branches": 0, "missing_branches": 14, "percent_branches_covered": 0.0, "percent_branches_covered_display": "0"}, "missing_lines": [1, 2, 3, 5, 6, 9, 10, 11, 14, 15, 22, 23, 26, 27, 28, 29, 30, 33, 36, 37, 38, 39, 40, 41, 44, 45, 46, 47, 48, 49, 52, 53, 54, 55, 56, 57, 60, 61, 63, 64, 65, 68, 69, 83, 84, 85, 86, 87, 89, 92, 93, 94, 95, 96], "excluded_lines": [], "start_line": 1, "executed_branches": [], "missing_branches": [[36, 37], [36, 44], [44, 45], [44, 52], [52, 53], [52, 60], [84, 85], [84, 87], [85, 84], [85, 86], [92, -1], [92, 93], [95, -1], [95, 96]]}}}, "DefFileGenerator\\tests\\run_torture_battery.py": {"executed_lines": [], "summary": {"covered_lines": 0, "num_statements": 43, "percent_covered": 0.0, "percent_covered_display": "0", "missing_lines": 43, "excluded_lines": 0, "percent_statements_covered": 0.0, "percent_statements_covered_display": "0", "num_branches": 8, "num_partial_branches": 0, "covered_branches": 0, "missing_branches": 8, "percent_branches_covered": 0.0, "percent_branches_covered_display": "0"}, "missing_lines": [1, 2, 3, 5, 6, 9, 10, 11, 14, 15, 46, 47, 48, 49, 50, 52, 53, 54, 56, 57, 58, 60, 61, 63, 66, 73, 76, 77, 78, 79, 80, 81, 83, 84, 85, 86, 88, 89, 90, 91, 93, 96, 97], "excluded_lines": [], "executed_branches": [], "missing_branches": [[57, 58], [57, 60], [60, 61], [60, 63], [90, 91], [90, 93], [96, -1], [96, 97]], "functions": {"run_torture_battery": {"executed_lines": [], "summary": {"covered_lines": 0, "num_statements": 35, "percent_covered": 0.0, "percent_covered_display": "0", "missing_lines": 35, "excluded_lines": 0, "percent_statements_covered": 0.0, "percent_statements_covered_display": "0", "num_branches": 6, "num_partial_branches": 0, "covered_branches": 0, "missing_branches": 6, "percent_branches_covered": 0.0, "percent_branches_covered_display": "0"}, "missing_lines": [10, 11, 14, 15, 46, 47, 48, 49, 50, 52, 53, 54, 56, 57, 58, 60, 61, 63, 66, 73, 76, 77, 78, 79, 80, 81, 83, 84, 85, 86, 88, 89, 90, 91, 93], "excluded_lines": [], "start_line": 9, "executed_branches": [], "missing_branches": [[57, 58], [57, 60], [60, 61], [60, 63], [90, 91], [90, 93]]}, "": {"executed_lines": [], "summary": {"covered_lines": 0, "num_statements": 8, "percent_covered": 0.0, "percent_covered_display": "0", "missing_lines": 8, "excluded_lines": 0, "percent_statements_covered": 0.0, "percent_statements_covered_display": "0", "num_branches": 2, "num_partial_branches": 0, "covered_branches": 0, "missing_branches": 2, "percent_branches_covered": 0.0, "percent_branches_covered_display": "0"}, "missing_lines": [1, 2, 3, 5, 6, 9, 96, 97], "excluded_lines": [], "start_line": 1, "executed_branches": [], "missing_branches": [[96, -1], [96, 97]]}}, "classes": {"": {"executed_lines": [], "summary": {"covered_lines": 0, "num_statements": 43, "percent_covered": 0.0, "percent_covered_display": "0", "missing_lines": 43, "excluded_lines": 0, "percent_statements_covered": 0.0, "percent_statements_covered_display": "0", "num_branches": 8, "num_partial_branches": 0, "covered_branches": 0, "missing_branches": 8, "percent_branches_covered": 0.0, "percent_branches_covered_display": "0"}, "missing_lines": [1, 2, 3, 5, 6, 9, 10, 11, 14, 15, 46, 47, 48, 49, 50, 52, 53, 54, 56, 57, 58, 60, 61, 63, 66, 73, 76, 77, 78, 79, 80, 81, 83, 84, 85, 86, 88, 89, 90, 91, 93, 96, 97], "excluded_lines": [], "start_line": 1, "executed_branches": [], "missing_branches": [[57, 58], [57, 60], [60, 61], [60, 63], [90, 91], [90, 93], [96, -1], [96, 97]]}}}, "DefFileGenerator\\tests\\stress_test_gen.py": {"executed_lines": [], "summary": {"covered_lines": 0, "num_statements": 72, "percent_covered": 0.0, "percent_covered_display": "0", "missing_lines": 72, "excluded_lines": 0, "percent_statements_covered": 0.0, "percent_statements_covered_display": "0", "num_branches": 18, "num_partial_branches": 0, "covered_branches": 0, "missing_branches": 18, "percent_branches_covered": 0.0, "percent_branches_covered_display": "0"}, "missing_lines": [1, 2, 3, 5, 6, 7, 8, 9, 11, 12, 13, 16, 17, 30, 31, 33, 34, 36, 37, 38, 39, 41, 44, 45, 46, 48, 65, 74, 83, 87, 90, 91, 92, 93, 94, 97, 98, 99, 100, 101, 104, 105, 106, 107, 108, 111, 112, 113, 114, 116, 117, 119, 120, 121, 122, 123, 135, 136, 139, 141, 152, 153, 156, 157, 158, 159, 160, 161, 162, 163, 164, 165], "excluded_lines": [], "executed_branches": [], "missing_branches": [[33, 34], [33, 65], [36, 37], [36, 38], [38, 39], [38, 41], [45, 46], [45, 48], [98, 99], [98, 100], [105, 106], [105, 107], [112, 113], [112, 114], [156, -1], [156, 157], [160, 161], [160, 164]], "functions": {"generate_stress_data": {"executed_lines": [], "summary": {"covered_lines": 0, "num_statements": 18, "percent_covered": 0.0, "percent_covered_display": "0", "missing_lines": 18, "excluded_lines": 0, "percent_statements_covered": 0.0, "percent_statements_covered_display": "0", "num_branches": 8, "num_partial_branches": 0, "covered_branches": 0, "missing_branches": 8, "percent_branches_covered": 0.0, "percent_branches_covered_display": "0"}, "missing_lines": [17, 30, 31, 33, 34, 36, 37, 38, 39, 41, 44, 45, 46, 48, 65, 74, 83, 87], "excluded_lines": [], "start_line": 16, "executed_branches": [], "missing_branches": [[33, 34], [33, 65], [36, 37], [36, 38], [38, 39], [38, 41], [45, 46], [45, 48]]}, "save_csv": {"executed_lines": [], "summary": {"covered_lines": 0, "num_statements": 4, "percent_covered": 0.0, "percent_covered_display": "0", "missing_lines": 4, "excluded_lines": 0, "percent_statements_covered": 0.0, "percent_statements_covered_display": "0", "num_branches": 0, "num_partial_branches": 0, "covered_branches": 0, "missing_branches": 0, "percent_branches_covered": 100.0, "percent_branches_covered_display": "100"}, "missing_lines": [91, 92, 93, 94], "excluded_lines": [], "start_line": 90, "executed_branches": [], "missing_branches": []}, "save_excel": {"executed_lines": [], "summary": {"covered_lines": 0, "num_statements": 4, "percent_covered": 0.0, "percent_covered_display": "0", "missing_lines": 4, "excluded_lines": 0, "percent_statements_covered": 0.0, "percent_statements_covered_display": "0", "num_branches": 2, "num_partial_branches": 0, "covered_branches": 0, "missing_branches": 2, "percent_branches_covered": 0.0, "percent_branches_covered_display": "0"}, "missing_lines": [98, 99, 100, 101], "excluded_lines": [], "start_line": 97, "executed_branches": [], "missing_branches": [[98, 99], [98, 100]]}, "save_xml": {"executed_lines": [], "summary": {"covered_lines": 0, "num_statements": 4, "percent_covered": 0.0, "percent_covered_display": "0", "missing_lines": 4, "excluded_lines": 0, "percent_statements_covered": 0.0, "percent_statements_covered_display": "0", "num_branches": 2, "num_partial_branches": 0, "covered_branches": 0, "missing_branches": 2, "percent_branches_covered": 0.0, "percent_branches_covered_display": "0"}, "missing_lines": [105, 106, 107, 108
[...]
": 100.0, "percent_covered_display": "100", "missing_lines": 0, "excluded_lines": 0, "percent_statements_covered": 100.0, "percent_statements_covered_display": "100", "num_branches": 0, "num_partial_branches": 0, "covered_branches": 0, "missing_branches": 0, "percent_branches_covered": 100.0, "percent_branches_covered_display": "100"}, "missing_lines": [], "excluded_lines": [], "start_line": 13, "executed_branches": [], "missing_branches": []}, "TestTemplate.test_generate_template": {"executed_lines": [17, 18, 20, 21, 22, 23, 24, 25, 26, 27], "summary": {"covered_lines": 10, "num_statements": 10, "percent_covered": 100.0, "percent_covered_display": "100", "missing_lines": 0, "excluded_lines": 0, "percent_statements_covered": 100.0, "percent_statements_covered_display": "100", "num_branches": 0, "num_partial_branches": 0, "covered_branches": 0, "missing_branches": 0, "percent_branches_covered": 100.0, "percent_branches_covered_display": "100"}, "missing_lines": [], "excluded_lines": [], "start_line": 16, "executed_branches": [], "missing_branches": []}, "": {"executed_lines": [1, 2, 3, 4, 6, 9, 10, 13, 16, 30], "summary": {"covered_lines": 10, "num_statements": 11, "percent_covered": 84.61538461538461, "percent_covered_display": "85", "missing_lines": 1, "excluded_lines": 0, "percent_statements_covered": 90.9090909090909, "percent_statements_covered_display": "91", "num_branches": 2, "num_partial_branches": 1, "covered_branches": 1, "missing_branches": 1, "percent_branches_covered": 50.0, "percent_branches_covered_display": "50"}, "missing_lines": [31], "excluded_lines": [], "start_line": 1, "executed_branches": [[30, -1]], "missing_branches": [[30, 31]]}}, "classes": {"TestTemplate": {"executed_lines": [11, 14, 17, 18, 20, 21, 22, 23, 24, 25, 26, 27], "summary": {"covered_lines": 12, "num_statements": 12, "percent_covered": 100.0, "percent_covered_display": "100", "missing_lines": 0, "excluded_lines": 0, "percent_statements_covered": 100.0, "percent_statements_covered_display": "100", "num_branches": 0, "num_partial_branches": 0, "covered_branches": 0, "missing_branches": 0, "percent_branches_covered": 100.0, "percent_branches_covered_display": "100"}, "missing_lines": [], "excluded_lines": [], "start_line": 9, "executed_branches": [], "missing_branches": []}, "": {"executed_lines": [1, 2, 3, 4, 6, 9, 10, 13, 16, 30], "summary": {"covered_lines": 10, "num_statements": 11, "percent_covered": 84.61538461538461, "percent_covered_display": "85", "missing_lines": 1, "excluded_lines": 0, "percent_statements_covered": 90.9090909090909, "percent_statements_covered_display": "91", "num_branches": 2, "num_partial_branches": 1, "covered_branches": 1, "missing_branches": 1, "percent_branches_covered": 50.0, "percent_branches_covered_display": "50"}, "missing_lines": [31], "excluded_lines": [], "start_line": 1, "executed_branches": [[30, -1]], "missing_branches": [[30, 31]]}}}, "DefFileGenerator\\tests\\test_validate.py": {"executed_lines": [1, 2, 3, 4, 6, 9, 10, 11, 12, 14, 15, 17, 18, 19, 20, 21, 22, 23, 24, 26, 27, 28, 29, 31, 32, 36, 37, 39, 40, 44, 45, 47, 48, 49, 50, 52, 53, 54, 55, 56, 57, 60, 63], "summary": {"covered_lines": 43, "num_statements": 44, "percent_covered": 95.83333333333333, "percent_covered_display": "96", "missing_lines": 1, "excluded_lines": 0, "percent_statements_covered": 97.72727272727273, "percent_statements_covered_display": "98", "num_branches": 4, "num_partial_branches": 1, "covered_branches": 3, "missing_branches": 1, "percent_branches_covered": 75.0, "percent_branches_covered_display": "75"}, "missing_lines": [64], "excluded_lines": [], "executed_branches": [[22, 23], [22, 24], [63, -1]], "missing_branches": [[63, 64]], "functions": {"TestValidateCSV.setUp": {"executed_lines": [11, 12], "summary": {"covered_lines": 2, "num_statements": 2, "percent_covered": 100.0, "percent_covered_display": "100", "missing_lines": 0, "excluded_lines": 0, "percent_statements_covered": 100.0, "percent_statements_covered_display": "100", "num_branches": 0, "num_partial_branches": 0, "covered_branches": 0, "missing_branches": 0, "percent_branches_covered": 100.0, "percent_branches_covered_display": "100"}, "missing_lines": [], "excluded_lines": [], "start_line": 10, "executed_branches": [], "missing_branches": []}, "TestValidateCSV.tearDown": {"executed_lines": [15], "summary": {"covered_lines": 1, "num_statements": 1, "percent_covered": 100.0, "percent_covered_display": "100", "missing_lines": 0, "excluded_lines": 0, "percent_statements_covered": 100.0, "percent_statements_covered_display": "100", "num_branches": 0, "num_partial_branches": 0, "covered_branches": 0, "missing_branches": 0, "percent_branches_covered": 100.0, "percent_branches_covered_display": "100"}, "missing_lines": [], "excluded_lines": [], "start_line": 14, "executed_branches": [], "missing_branches": []}, "TestValidateCSV.create_csv": {"executed_lines": [18, 19, 20, 21, 22, 23, 24], "summary": {"covered_lines": 7, "num_statements": 7, "percent_covered": 100.0, "percent_covered_display": "100", "missing_lines": 0, "excluded_lines": 0, "percent_statements_covered": 100.0, "percent_statements_covered_display": "100", "num_branches": 2, "num_partial_branches": 0, "covered_branches": 2, "missing_branches": 0, "percent_branches_covered": 100.0, "percent_branches_covered_display": "100"}, "missing_lines": [], "excluded_lines": [], "start_line": 17, "executed_branches": [[22, 23], [22, 24]], "missing_branches": []}, "TestValidateCSV.test_valid_csv": {"executed_lines": [27, 28, 29], "summary": {"covered_lines": 3, "num_statements": 3, "percent_covered": 100.0, "percent_covered_display": "100", "missing_lines": 0, "excluded_lines": 0, "percent_statements_covered": 100.0, "percent_statements_covered_display": "100", "num_branches": 0, "num_partial_branches": 0, "covered_branches": 0, "missing_branches": 0, "percent_branches_covered": 100.0, "percent_branches_covered_display": "100"}, "missing_lines": [], "excluded_lines": [], "start_line": 26, "executed_branches": [], "missing_branches": []}, "TestValidateCSV.test_duplicate_tag": {"executed_lines": [32, 36, 37], "summary": {"covered_lines": 3, "num_statements": 3, "percent_covered": 100.0, "percent_covered_display": "100", "missing_lines": 0, "excluded_lines": 0, "percent_statements_covered": 100.0, "percent_statements_covered_display": "100", "num_branches": 0, "num_partial_branches": 0, "covered_branches": 0, "missing_branches": 0, "percent_branches_covered": 100.0, "percent_branches_covered_display": "100"}, "missing_lines": [], "excluded_lines": [], "start_line": 31, "executed_branches": [], "missing_branches": []}, "TestValidateCSV.test_address_overlap": {"executed_lines": [40, 44, 45], "summary": {"covered_lines": 3, "num_statements": 3, "percent_covered": 100.0, "percent_covered_display": "100", "missing_lines": 0, "excluded_lines": 0, "percent_statements_covered": 100.0, "percent_statements_covered_display": "100", "num_branches": 0, "num_partial_branches": 0, "covered_branches": 0, "missing_branches": 0, "percent_branches_covered": 100.0, "percent_branches_covered_display": "100"}, "missing_lines": [], "excluded_lines": [], "start_line": 39, "executed_branches": [], "missing_branches": []}, "TestValidateCSV.test_invalid_address": {"executed_lines": [48, 49, 50], "summary": {"covered_lines": 3, "num_statements": 3, "percent_covered": 100.0, "percent_covered_display": "100", "missing_lines": 0, "excluded_lines": 0, "percent_statements_covered": 100.0, "percent_statements_covered_display": "100", "num_branches": 0, "num_partial_branches": 0, "covered_branches": 0, "missing_branches": 0, "percent_branches_covered": 100.0, "percent_branches_covered_display": "100"}, "missing_lines": [], "excluded_lines": [], "start_line": 47, "executed_branches": [], "missing_branches": []}, "TestValidateCSV.test_insufficient_columns": {"executed_lines": [53, 54, 55, 56, 57, 60], "summary": {"covered_lines": 6, "num_statements": 6, "percent_covered": 100.0, "percent_covered_display": "100", "missing_lines": 0, "excluded_lines": 0, "percent_statements_covered": 100.0, "percent_statements_covered_display": "100", "num_branches": 0, "num_partial_branches": 0, "covered_branches": 0, "missing_branches": 0, "percent_branches_covered": 100.0, "percent_branches_covered_display": "100"}, "missing_lines": [], "excluded_lines": [], "start_line": 52, "executed_branches": [], "missing_branches": []}, "": {"executed_lines": [1, 2, 3, 4, 6, 9, 10, 14, 17, 26, 31, 39, 47, 52, 63], "summary": {"covered_lines": 15, "num_statements": 16, "percent_covered": 88.88888888888889, "percent_covered_display": "89", "missing_lines": 1, "excluded_lines": 0, "percent_statements_covered": 93.75, "percent_statements_covered_display": "94", "num_branches": 2, "num_partial_branches": 1, "covered_branches": 1, "missing_branches": 1, "percent_branches_covered": 50.0, "percent_branches_covered_display": "50"}, "missing_lines": [64], "excluded_lines": [], "start_line": 1, "executed_branches": [[63, -1]], "missing_branches": [[63, 64]]}}, "classes": {"TestValidateCSV": {"executed_lines": [11, 12, 15, 18, 19, 20, 21, 22, 23, 24, 27, 28, 29, 32, 36, 37, 40, 44, 45, 48, 49, 50, 53, 54, 55, 56, 57, 60], "summary": {"covered_lines": 28, "num_statements": 28, "percent_covered": 100.0, "percent_covered_display": "100", "missing_lines": 0, "excluded_lines": 0, "percent_statements_covered": 100.0, "percent_statements_covered_display": "100", "num_branches": 2, "num_partial_branches": 0, "covered_branches": 2, "missing_branches": 0, "percent_branches_covered": 100.0, "percent_branches_covered_display": "100"}, "missing_lines": [], "excluded_lines": [], "start_line": 9, "executed_branches": [[22, 23], [22, 24]], "missing_branches": []}, "": {"executed_lines": [1, 2, 3, 4, 6, 9, 10, 14, 17, 26, 31, 39, 47, 52, 63], "summary": {"covered_lines": 15, "num_statements": 16, "percent_covered": 88.88888888888889, "percent_covered_display": "89", "missing_lines": 1, "excluded_lines": 0, "percent_statements_covered": 93.75, "percent_statements_covered_display": "94", "num_branches": 2, "num_partial_branches": 1, "covered_branches": 1, "missing_branches": 1, "percent_branches_covered": 50.0, "percent_branches_covered_display": "50"}, "missing_lines": [64], "excluded_lines": [], "start_line": 1, "executed_branches": [[63, -1]], "missing_branches": [[63, 64]]}}}, "DefFileGenerator\\tests\\test_validation.py": {"executed_lines": [1, 2, 3, 4, 5, 7, 10, 11, 12, 13, 15, 17, 18, 19, 21, 22, 23, 24, 25, 26, 27, 28, 29, 30, 32, 33, 34, 35, 36, 38, 39, 41, 42, 46, 47, 49, 50, 54, 56, 58, 59, 63, 67, 69, 70, 71, 72, 74, 76, 77, 79, 80, 81, 83, 85, 94, 95, 98, 107, 108, 111, 120, 121, 124, 133, 134, 137], "summary": {"covered_lines": 67, "num_statements": 68, "percent_covered": 95.94594594594595, "percent_covered_display": "96", "missing_lines": 1, "excluded_lines": 0, "percent_statements_covered": 98.52941176470588, "percent_statements_covered_display": "99", "num_branches": 6, "num_partial_branches": 2, "covered_branches": 4, "missing_branches": 2, "percent_branches_covered": 66.66666666666667, "percent_branches_covered_display": "67"}, "missing_lines": [138], "excluded_lines": [], "executed_branches": [[23, 24], [28, 29], [28, 30], [137, -1]], "missing_branches": [[23, 25], [137, 138]], "functions": {"TestValidation.setUp": {"executed_lines": [12, 13, 15], "summary": {"covered_lines": 3, "num_statements": 3, "percent_covered": 100.0, "percent_covered_display": "100", "missing_lines": 0, "excluded_lines": 0, "percent_statements_covered": 100.0, "percent_statements_covered_display": "100", "num_branches": 0, "num_partial_branches": 0, "covered_branches": 0, "missing_branches": 0, "percent_branches_covered": 100.0, "percent_branches_covered_display": "100"}, "missing_lines": [], "excluded_lines": [], "start_line": 11, "executed_branches": [], "missing_branches": []}, "TestValidation.tearDown": {"executed_lines": [18, 19], "summary": {"covered_lines": 2, "num_statements": 2, "percent_covered": 100.0, "percent_covered_display": "100", "missing_lines": 0, "excluded_lines": 0, "percent_statements_covered": 100.0, "percent_statements_covered_display": "100", "num_branches": 0, "num_partial_branches": 0, "covered_branches": 0, "missing_branches": 0, "percent_branches_covered": 100.0, "percent_branches_covered_display": "100"}, "missing_lines": [], "excluded_lines": [], "start_line": 17, "executed_branches": [], "missing_branches": []}, "TestValidation.create_csv": {"executed_lines": [22, 23, 24, 25, 26, 27, 28, 29, 30], "summary": {"covered_lines": 9, "num_statements": 9, "percent_covered": 92.3076923076923, "percent_covered_display": "92", "missing_lines": 0, "excluded_lines": 0, "percent_statements_covered": 100.0, "percent_statements_covered_display": "100", "num_branches": 4, "num_partial_branches": 1, "covered_branches": 3, "missing_branches": 1, "percent_branches_covered": 75.0, "percent_branches_covered_display": "75"}, "missing_lines": [], "excluded_lines": [], "start_line": 21, "executed_branches": [[23, 24], [28, 29], [28, 30]], "missing_branches": [[23, 25]]}, "TestValidation.test_validate_address_range": {"executed_lines": [33, 34, 35, 36, 38, 39], "summary": {"covered_lines": 6, "num_statements": 6, "percent_covered": 100.0, "percent_covered_display": "100", "missing_lines": 0, "excluded_lines": 0, "percent_statements_covered": 100.0, "percent_statements_covered_display": "100", "num_branches": 0, "num_partial_branches": 0, "covered_branches": 0, "missing_branches": 0, "percent_branches_covered": 100.0, "percent_branches_covered_display": "100"}, "missing_lines": [], "excluded_lines": [], "start_line": 32, "executed_branches": [], "missing_branches": []}, "TestValidation.test_validate_csv_success": {"executed_lines": [42, 46, 47], "summary": {"covered_lines": 3, "num_statements": 3, "percent_covered": 100.0, "percent_covered_display": "100", "missing_lines": 0, "excluded_lines": 0, "percent_statements_covered": 100.0, "percent_statements_covered_display": "100", "num_branches": 0, "num_partial_branches": 0, "covered_branches": 0, "missing_branches": 0, "percent_branches_covered": 100.0, "percent_branches_covered_display": "100"}, "missing_lines": [], "excluded_lines": [], "start_line": 41, "executed_branches": [], "missing_branches": []}, "TestValidation.test_validate_csv_duplicate_tag": {"executed_lines": [50, 54, 56], "summary": {"covered_lines": 3, "num_statements": 3, "percent_covered": 100.0, "percent_covered_display": "100", "missing_lines": 0, "excluded_lines": 0, "percent_statements_covered": 100.0, "percent_statements_covered_display": "100", "num_branches": 0, "num_partial_branches": 0, "covered_branches": 0, "missing_branches": 0, "percent_branches_covered": 100.0, "percent_branches_covered_display": "100"}, "missing_lines": [], "excluded_lines": [], "start_line": 49, "executed_branches": [], "missing_branches": []}, "TestValidation.test_validate_csv_address_overlap": {"executed_lines": [59, 63, 67], "summary": {"covered_lines": 3, "num_statements": 3, "percent_covered": 100.0, "percent_covered_display": "100", "missing_lines": 0, "excluded_lines": 0, "percent_statements_covered": 100.0, "percent_statements_covered_display": "100", "num_branches": 0, "num_partial_branches": 0, "covered_branches": 0, "missing_branches": 0, "percent_branches_covered": 100.0, "percent_branches_covered_display": "100"}, "missing_lines": [], "excluded_lines": [], "start_line": 58, "executed_branches": [], "missing_branches": []}, "TestValidation.test_validate_csv_invalid_address": {"executed_lines": [70, 71, 72], "summary": {"covered_lines": 3, "num_statements": 3, "percent_covered": 100.0, "percent_covered_display": "100", "missing_lines": 0, "excluded_lines": 0, "percent_statements_covered": 100.0, "percent_statements_covered_display": "100", "num_branches": 0, "num_partial_branches": 0, "covered_branches": 0, "missing_branches": 0, "percent_branches_covered": 100.0, "percent_branches_covered_display": "100"}, "missing_lines": [], "excluded_lines": [], "start_line": 69, "executed_branches": [], "missing_branches": []}, "TestValidation.test_validate_csv_compound_address": {"executed_lines": [76, 77, 79, 80, 81], "summary": {"covered_lines": 5, "num_statements": 5, "percent_covered": 100.0, "percent_covered_display": "100", "missing_lines": 0, "excluded_lines": 0, "percent_statements_covered": 100.0, "percent_statements_covered_display": "100", "num_branches": 0, "num_partial_branches": 0, "covered_branches": 0, "missing_branches": 0, "percent_branches_covered": 100.0, "percent_branches_covered_display": "100"}, "missing_lines": [], "excluded_lines": [], "start_line": 74, "executed_branches": [], "missing_branches": []}, "TestValidation.test_intelligent_action_defaulting": {"executed_lines": [85, 94, 95, 98, 107, 108, 111, 120, 121, 124, 133, 134], "summary": {"covered_lines": 12, "num_statements": 12, "percent_covered": 100.0, "percent_covered_display": "100", "missing_lines": 0, "excluded_lines": 0, "percent_statements_covered": 100.0, "percent_statements_covered_display": "100", "num_branches": 0, "num_partial_branches": 0, "covered_branches": 0, "missing_branches": 0, "percent_branches_covered": 100.0, "percent_branches_covered_display": "100"}, "missing_lines": [], "excluded_lines": [], "start_line": 83, "executed_branches": [], "missing_branches": []}, "": {"executed_lines": [1, 2, 3, 4, 5, 7, 10, 11, 17, 21, 32, 41, 49, 58, 69, 74, 83, 137], "summary": {"covered_lines": 18, "num_statements": 19, "percent_covered": 90.47619047619048, "percent_covered_display": "90", "missing_lines": 1, "excluded_lines": 0, "percent_statements_covered": 94.73684210526316, "percent_statements_covered_display": "95", "num_branches": 2, "num_partial_branches": 1, "covered_branches": 1, "missing_branches": 1, "percent_branches_covered": 50.0, "percent_branches_covered_display": "50"}, "missing_lines": [138], "excluded_lines": [], "start_line": 1, "executed_branches": [[137, -1]], "missing_branches": [[137, 138]]}}, "classes": {"TestValidation": {"executed_lines": [12, 13, 15, 18, 19, 22, 23, 24, 25, 26, 27, 28, 29, 30, 33, 34, 35, 36, 38, 39, 42, 46, 47, 50, 54, 56, 59, 63, 67, 70, 71, 72, 76, 77, 79, 80, 81, 85, 94, 95, 98, 107, 108, 111, 120, 121, 124, 133, 134], "summary": {"covered_lines": 49, "num_statements": 49, "percent_covered": 98.11320754716981, "percent_covered_display": "98", "missing_lines": 0, "excluded_lines": 0, "percent_statements_covered": 100.0, "percent_statements_covered_display": "100", "num_branches": 4, "num_partial_branches": 1, "covered_branches": 3, "missing_branches": 1, "percent_branches_covered": 75.0, "percent_branches_covered_display": "75"}, "missing_lines": [], "excluded_lines": [], "start_line": 10, "executed_branches": [[23, 24], [28, 29], [28, 30]], "missing_branches": [[23, 25]]}, "": {"executed_lines": [1, 2, 3, 4, 5, 7, 10, 11, 17, 21, 32, 41, 49, 58, 69, 74, 83, 137], "summary": {"covered_lines": 18, "num_statements": 19, "percent_covered": 90.47619047619048, "percent_covered_display": "90", "missing_lines": 1, "excluded_lines": 0, "percent_statements_covered": 94.73684210526316, "percent_statements_covered_display": "95", "num_branches": 2, "num_partial_branches": 1, "covered_branches": 1, "missing_branches": 1, "percent_branches_covered": 50.0, "percent_branches_covered_display": "50"}, "missing_lines": [138], "excluded_lines": [], "start_line": 1, "executed_branches": [[137, -1]], "missing_branches": [[137, 138]]}}}}, "totals": {"covered_lines": 1825, "num_statements": 2329, "percent_covered": 74.59440800828443, "percent_covered_display": "75", "missing_lines": 504, "excluded_lines": 2, "percent_statements_covered": 78.35981107771576, "percent_statements_covered_display": "78", "num_branches": 568, "num_partial_branches": 124, "covered_branches": 336, "missing_branches": 232, "percent_branches_covered": 59.15492957746479, "percent_branches_covered_display": "59"}}